<?xml version="1.0" encoding="UTF-8"?>
<robot generator="Robot 4.1.2 (Python 3.9.6 on win32)" generated="20211117 20:34:46.762" rpa="false" schemaversion="2">
<suite id="s1" name="3 Homework" source="C:\Users\lajdama\PycharmProjects\RobotFramework_1\RobotAcademy\3_Homework.robot">
<test id="s1-t1" name="Homework_3">
<kw name="Open Chrome On Artin Homepage" type="SETUP">
<kw name="Open Browser" library="SeleniumLibrary">
<arg>https://www.artin.sk</arg>
<arg>gc</arg>
<doc>Opens a new browser instance to the optional ``url``.</doc>
<msg timestamp="20211117 20:34:47.768" level="INFO">Opening browser 'gc' to base url 'https://www.artin.sk'.</msg>
<status status="PASS" starttime="20211117 20:34:47.766" endtime="20211117 20:34:55.324"/>
</kw>
<kw name="Maximize Browser Window" library="SeleniumLibrary">
<doc>Maximizes current browser window.</doc>
<status status="PASS" starttime="20211117 20:34:55.325" endtime="20211117 20:34:55.616"/>
</kw>
<kw name="Wait Until Page Contains" library="SeleniumLibrary">
<arg>Vyvíjame, integrujeme a testujeme softvér pre najväčších</arg>
<arg>5</arg>
<doc>Waits until ``text`` appears on the current page.</doc>
<status status="PASS" starttime="20211117 20:34:55.617" endtime="20211117 20:34:55.840"/>
</kw>
<status status="PASS" starttime="20211117 20:34:47.764" endtime="20211117 20:34:55.840"/>
</kw>
<kw name="Sleep" library="BuiltIn">
<arg>15 s</arg>
<doc>Pauses the test executed for the given time.</doc>
<msg timestamp="20211117 20:35:10.848" level="INFO">Slept 15 seconds</msg>
<status status="PASS" starttime="20211117 20:34:55.841" endtime="20211117 20:35:10.848"/>
</kw>
<kw name="Click Element" library="SeleniumLibrary">
<arg>id:menu-item-3127</arg>
<doc>Click the element identified by ``locator``.</doc>
<msg timestamp="20211117 20:35:10.848" level="INFO">Clicking element 'id:menu-item-3127'.</msg>
<status status="PASS" starttime="20211117 20:35:10.848" endtime="20211117 20:35:15.459"/>
</kw>
<kw name="Sleep" library="BuiltIn">
<arg>2 s</arg>
<doc>Pauses the test executed for the given time.</doc>
<msg timestamp="20211117 20:35:17.470" level="INFO">Slept 2 seconds</msg>
<status status="PASS" starttime="20211117 20:35:15.460" endtime="20211117 20:35:17.471"/>
</kw>
<kw name="Wait Until Page Contains" library="SeleniumLibrary">
<arg>Voľné miesta</arg>
<doc>Waits until ``text`` appears on the current page.</doc>
<status status="PASS" starttime="20211117 20:35:17.475" endtime="20211117 20:35:17.531"/>
</kw>
<kw name="Page Should Contain" library="SeleniumLibrary">
<arg>Test Automation Engineer (Python)</arg>
<doc>Verifies that current page contains ``text``.</doc>
<msg timestamp="20211117 20:35:17.584" level="INFO">Current page contains text 'Test Automation Engineer (Python)'.</msg>
<status status="PASS" starttime="20211117 20:35:17.531" endtime="20211117 20:35:17.584"/>
</kw>
<kw name="Click Element" library="SeleniumLibrary">
<arg>//*[@id="MixItUp4CAF65"]/div[2]/div[1]/h4/a</arg>
<doc>Click the element identified by ``locator``.</doc>
<msg timestamp="20211117 20:35:17.585" level="INFO">Clicking element '//*[@id="MixItUp4CAF65"]/div[2]/div[1]/h4/a'.</msg>
<kw name="Capture Page Screenshot" library="SeleniumLibrary">
<doc>Takes a screenshot of the current page and embeds it into a log file.</doc>
<msg timestamp="20211117 20:35:18.566" level="INFO" html="true">&lt;/td&gt;&lt;/tr&gt;&lt;tr&gt;&lt;td colspan="3"&gt;&lt;a href="selenium-screenshot-29.png"&gt;&lt;img src="selenium-screenshot-29.png" width="800px"&gt;&lt;/a&gt;</msg>
<status status="PASS" starttime="20211117 20:35:17.600" endtime="20211117 20:35:18.566"/>
</kw>
<msg timestamp="20211117 20:35:18.577" level="FAIL">Element with locator '//*[@id="MixItUp4CAF65"]/div[2]/div[1]/h4/a' not found.</msg>
<status status="FAIL" starttime="20211117 20:35:17.585" endtime="20211117 20:35:18.577"/>
</kw>
<status status="FAIL" starttime="20211117 20:34:47.761" endtime="20211117 20:35:18.577">Element with locator '//*[@id="MixItUp4CAF65"]/div[2]/div[1]/h4/a' not found.</status>
</test>
<status status="FAIL" starttime="20211117 20:34:46.768" endtime="20211117 20:35:18.582"/>
</suite>
<statistics>
<total>
<stat pass="0" fail="1" skip="0">All Tests</stat>
</total>
<tag>
</tag>
<suite>
<stat pass="0" fail="1" skip="0" id="s1" name="3 Homework">3 Homework</stat>
</suite>
</statistics>
<errors>
</errors>
</robot>
