<?xml version="1.0" encoding="UTF-8"?>
<robot generator="Robot 4.1.2 (Python 3.9.6 on win32)" generated="20211124 16:29:38.735" rpa="false" schemaversion="2">
<suite id="s1" name="Alza Cart" source="C:\Users\lajdama\PycharmProjects\RobotFramework_1\RobotAcademy\alza_cart.robot">
<test id="s1-t1" name="Test 313">
<kw name="Open Chrome On Alza Homepage" type="SETUP">
<kw name="Open Browser" library="SeleniumLibrary">
<arg>https://www.alza.sk/EN/</arg>
<arg>gc</arg>
<doc>Opens a new browser instance to the optional ``url``.</doc>
<msg timestamp="20211124 16:29:39.841" level="INFO">Opening browser 'gc' to base url 'https://www.alza.sk/EN/'.</msg>
<status status="PASS" starttime="20211124 16:29:39.839" endtime="20211124 16:29:49.024"/>
</kw>
<kw name="Maximize Browser Window" library="SeleniumLibrary">
<doc>Maximizes current browser window.</doc>
<status status="PASS" starttime="20211124 16:29:49.024" endtime="20211124 16:29:49.637"/>
</kw>
<status status="PASS" starttime="20211124 16:29:39.838" endtime="20211124 16:29:49.638"/>
</kw>
<kw name="Go To" library="SeleniumLibrary">
<arg>https://www.alza.sk/EN/honor-9-lite-midnight-black-d5240693.htm</arg>
<doc>Navigates the current browser window to the provided ``url``.</doc>
<msg timestamp="20211124 16:29:49.705" level="INFO">Opening url 'https://www.alza.sk/EN/honor-9-lite-midnight-black-d5240693.htm'</msg>
<status status="PASS" starttime="20211124 16:29:49.705" endtime="20211124 16:29:57.471"/>
</kw>
<kw name="Wait Until Page Contains" library="SeleniumLibrary">
<arg>We apologise, but the product is no longer sold</arg>
<doc>Waits until ``text`` appears on the current page.</doc>
<status status="PASS" starttime="20211124 16:29:57.472" endtime="20211124 16:29:57.562"/>
</kw>
<kw name="Page Should Contain" library="SeleniumLibrary">
<arg>Show alternatives</arg>
<doc>Verifies that current page contains ``text``.</doc>
<msg timestamp="20211124 16:29:58.004" level="INFO">Current page contains text 'Show alternatives'.</msg>
<status status="PASS" starttime="20211124 16:29:57.571" endtime="20211124 16:29:58.004"/>
</kw>
<kw name="Page Should Not Contain" library="SeleniumLibrary">
<arg>Add to Cart</arg>
<doc>Verifies the current page does not contain ``text``.</doc>
<kw name="Capture Page Screenshot" library="SeleniumLibrary">
<doc>Takes a screenshot of the current page and embeds it into a log file.</doc>
<msg timestamp="20211124 16:30:00.960" level="INFO" html="true">&lt;/td&gt;&lt;/tr&gt;&lt;tr&gt;&lt;td colspan="3"&gt;&lt;a href="selenium-screenshot-52.png"&gt;&lt;img src="selenium-screenshot-52.png" width="800px"&gt;&lt;/a&gt;</msg>
<status status="PASS" starttime="20211124 16:30:00.469" endtime="20211124 16:30:00.960"/>
</kw>
<msg timestamp="20211124 16:30:00.967" level="FAIL">Page should not have contained text 'Add to Cart'.</msg>
<status status="FAIL" starttime="20211124 16:29:58.006" endtime="20211124 16:30:00.967"/>
</kw>
<status status="FAIL" starttime="20211124 16:29:39.828" endtime="20211124 16:30:00.987">Page should not have contained text 'Add to Cart'.</status>
</test>
<status status="FAIL" starttime="20211124 16:29:38.739" endtime="20211124 16:30:00.991"/>
</suite>
<statistics>
<total>
<stat pass="0" fail="1" skip="0">All Tests</stat>
</total>
<tag>
</tag>
<suite>
<stat pass="0" fail="1" skip="0" id="s1" name="Alza Cart">Alza Cart</stat>
</suite>
</statistics>
<errors>
</errors>
</robot>
