<?xml version="1.0" encoding="UTF-8"?>
<robot generator="Robot 4.1.2 (Python 3.9.6 on win32)" generated="20211128 15:34:14.352" rpa="false" schemaversion="2">
<suite id="s1" name="Odoprave" source="C:\Users\lajdama\PycharmProjects\RobotFramework_1\RobotAcademy\odoprave.robot">
<test id="s1-t1" name="odoprave.info_10">
<kw name="Open Chrome On Odoprave" type="SETUP">
<kw name="Open Browser" library="SeleniumLibrary">
<arg>https://odoprave.info/</arg>
<arg>gc</arg>
<doc>Opens a new browser instance to the optional ``url``.</doc>
<msg timestamp="20211128 15:34:14.811" level="INFO">Opening browser 'gc' to base url 'https://odoprave.info/'.</msg>
<status status="PASS" starttime="20211128 15:34:14.811" endtime="20211128 15:34:20.354"/>
</kw>
<kw name="Maximize Browser Window" library="SeleniumLibrary">
<doc>Maximizes current browser window.</doc>
<status status="PASS" starttime="20211128 15:34:20.354" endtime="20211128 15:34:21.570"/>
</kw>
<status status="PASS" starttime="20211128 15:34:14.811" endtime="20211128 15:34:21.571"/>
</kw>
<kw name="Go To" library="SeleniumLibrary">
<arg>https://odoprave.info/wps/portal/pub/Home/dopravna-situacia</arg>
<doc>Navigates the current browser window to the provided ``url``.</doc>
<msg timestamp="20211128 15:34:21.573" level="INFO">Opening url 'https://odoprave.info/wps/portal/pub/Home/dopravna-situacia'</msg>
<status status="PASS" starttime="20211128 15:34:21.572" endtime="20211128 15:34:24.900"/>
</kw>
<kw name="Sleep" library="BuiltIn">
<arg>3 s</arg>
<doc>Pauses the test executed for the given time.</doc>
<msg timestamp="20211128 15:34:27.908" level="INFO">Slept 3 seconds</msg>
<status status="PASS" starttime="20211128 15:34:24.907" endtime="20211128 15:34:27.908"/>
</kw>
<kw name="Click Element" library="SeleniumLibrary">
<arg>${Geolocation}</arg>
<doc>Click the element identified by ``locator``.</doc>
<msg timestamp="20211128 15:34:27.909" level="INFO">Clicking element 'xpath&gt;//*[@id="layoutContainers"]/div/div[2]/div/div/section/div[2]/htmlwrapper/div[2]/module/div/section[1]/module/div/div[2]/div[3]/div[1]/button'.</msg>
<kw name="Capture Page Screenshot" library="SeleniumLibrary">
<doc>Takes a screenshot of the current page and embeds it into a log file.</doc>
<msg timestamp="20211128 15:34:28.330" level="INFO" html="true">&lt;/td&gt;&lt;/tr&gt;&lt;tr&gt;&lt;td colspan="3"&gt;&lt;a href="selenium-screenshot-21.png"&gt;&lt;img src="selenium-screenshot-21.png" width="800px"&gt;&lt;/a&gt;</msg>
<status status="PASS" starttime="20211128 15:34:27.926" endtime="20211128 15:34:28.330"/>
</kw>
<msg timestamp="20211128 15:34:28.338" level="FAIL">Element with locator 'xpath&gt;//*[@id="layoutContainers"]/div/div[2]/div/div/section/div[2]/htmlwrapper/div[2]/module/div/section[1]/module/div/div[2]/div[3]/div[1]/button' not found.</msg>
<status status="FAIL" starttime="20211128 15:34:27.909" endtime="20211128 15:34:28.338"/>
</kw>
<kw name="Sleep" library="BuiltIn">
<arg>3 s</arg>
<doc>Pauses the test executed for the given time.</doc>
<status status="NOT RUN" starttime="20211128 15:34:28.352" endtime="20211128 15:34:28.352"/>
</kw>
<kw name="Click Element" library="SeleniumLibrary">
<arg>${ZoomIn}</arg>
<doc>Click the element identified by ``locator``.</doc>
<status status="NOT RUN" starttime="20211128 15:34:28.356" endtime="20211128 15:34:28.356"/>
</kw>
<kw name="Sleep" library="BuiltIn">
<arg>3 s</arg>
<doc>Pauses the test executed for the given time.</doc>
<status status="NOT RUN" starttime="20211128 15:34:28.358" endtime="20211128 15:34:28.358"/>
</kw>
<kw name="Click Element" library="SeleniumLibrary">
<arg>${ZoomOut}</arg>
<doc>Click the element identified by ``locator``.</doc>
<status status="NOT RUN" starttime="20211128 15:34:28.359" endtime="20211128 15:34:28.359"/>
</kw>
<kw name="Sleep" library="BuiltIn">
<arg>3 s</arg>
<doc>Pauses the test executed for the given time.</doc>
<status status="NOT RUN" starttime="20211128 15:34:28.362" endtime="20211128 15:34:28.362"/>
</kw>
<kw name="Click Element" library="SeleniumLibrary">
<arg>${Slovakia_btn}</arg>
<doc>Click the element identified by ``locator``.</doc>
<status status="NOT RUN" starttime="20211128 15:34:28.369" endtime="20211128 15:34:28.369"/>
</kw>
<status status="FAIL" starttime="20211128 15:34:14.810" endtime="20211128 15:34:28.370">Element with locator 'xpath&gt;//*[@id="layoutContainers"]/div/div[2]/div/div/section/div[2]/htmlwrapper/div[2]/module/div/section[1]/module/div/div[2]/div[3]/div[1]/button' not found.</status>
</test>
<status status="FAIL" starttime="20211128 15:34:14.355" endtime="20211128 15:34:28.374"/>
</suite>
<statistics>
<total>
<stat pass="0" fail="1" skip="0">All Tests</stat>
</total>
<tag>
</tag>
<suite>
<stat pass="0" fail="1" skip="0" id="s1" name="Odoprave">Odoprave</stat>
</suite>
</statistics>
<errors>
<msg timestamp="20211128 15:34:14.805" level="ERROR">Error in file 'C:\Users\lajdama\PycharmProjects\RobotFramework_1\RobotAcademy\variables\variables.robot' on line 36: Setting variable '${}' failed: Invalid variable name '${}'.</msg>
</errors>
</robot>
