<?xml version="1.0" encoding="UTF-8"?>
<robot generator="Robot 4.1.2 (Python 3.9.6 on win32)" generated="20211125 12:08:21.759" rpa="false" schemaversion="2">
<suite id="s1" name="Alza Cart" source="C:\Users\lajdama\PycharmProjects\RobotFramework_1\RobotAcademy\alza_cart.robot">
<test id="s1-t1" name="Test 313">
<kw name="Open Chrome On Alza Homepage" type="SETUP">
<kw name="Open Browser" library="SeleniumLibrary">
<arg>https://www.alza.sk/EN/</arg>
<arg>gc</arg>
<doc>Opens a new browser instance to the optional ``url``.</doc>
<msg timestamp="20211125 12:08:22.655" level="INFO">Opening browser 'gc' to base url 'https://www.alza.sk/EN/'.</msg>
<status status="PASS" starttime="20211125 12:08:22.654" endtime="20211125 12:08:31.455"/>
</kw>
<kw name="Maximize Browser Window" library="SeleniumLibrary">
<doc>Maximizes current browser window.</doc>
<status status="PASS" starttime="20211125 12:08:31.456" endtime="20211125 12:08:31.963"/>
</kw>
<status status="PASS" starttime="20211125 12:08:22.653" endtime="20211125 12:08:31.964"/>
</kw>
<kw name="Go To" library="SeleniumLibrary">
<arg>https://www.alza.sk/EN/honor-9-lite-midnight-black-d5240693.htm</arg>
<doc>Navigates the current browser window to the provided ``url``.</doc>
<msg timestamp="20211125 12:08:31.965" level="INFO">Opening url 'https://www.alza.sk/EN/honor-9-lite-midnight-black-d5240693.htm'</msg>
<status status="PASS" starttime="20211125 12:08:31.965" endtime="20211125 12:08:38.528"/>
</kw>
<kw name="Wait Until Page Contains" library="SeleniumLibrary">
<arg>We apologise, but the product is no longer sold</arg>
<doc>Waits until ``text`` appears on the current page.</doc>
<status status="PASS" starttime="20211125 12:08:38.529" endtime="20211125 12:08:38.696"/>
</kw>
<kw name="Page Should Contain" library="SeleniumLibrary">
<arg>Show alternatives</arg>
<doc>Verifies that current page contains ``text``.</doc>
<msg timestamp="20211125 12:08:38.814" level="INFO">Current page contains text 'Show alternatives'.</msg>
<status status="PASS" starttime="20211125 12:08:38.698" endtime="20211125 12:08:38.814"/>
</kw>
<kw name="Page Should Not Contain Element" library="SeleniumLibrary">
<arg>${AddToCart_inside}</arg>
<doc>Verifies that element ``locator`` is not found on the current page.</doc>
<msg timestamp="20211125 12:08:38.843" level="INFO">Current page does not contain element 'xpath://*[@id="cpcm_cpc_tdAmount"]/span/div[1]/div/a/span[2]'.</msg>
<status status="PASS" starttime="20211125 12:08:38.815" endtime="20211125 12:08:38.843"/>
</kw>
<status status="PASS" starttime="20211125 12:08:22.647" endtime="20211125 12:08:38.844"/>
</test>
<status status="PASS" starttime="20211125 12:08:21.768" endtime="20211125 12:08:38.846"/>
</suite>
<statistics>
<total>
<stat pass="1" fail="0" skip="0">All Tests</stat>
</total>
<tag>
</tag>
<suite>
<stat pass="1" fail="0" skip="0" id="s1" name="Alza Cart">Alza Cart</stat>
</suite>
</statistics>
<errors>
</errors>
</robot>
