<?xml version="1.0" encoding="UTF-8"?>
<robot generator="Robot 4.1.2 (Python 3.9.6 on win32)" generated="20211203 20:28:52.707" rpa="false" schemaversion="2">
<suite id="s1" name="Heureka Final" source="C:\Users\lajdama\PycharmProjects\RobotFramework_1\RobotAcademy\Heureka_exam\heureka_final.robot">
<test id="s1-t1" name="Heureka_Add_And_Remove_items_from_basket">
<kw name="Open Chrome On Heureka Homepage" library="keywords_final">
<msg timestamp="20211203 20:28:53.377" level="TRACE">Arguments: [  ]</msg>
<kw name="Open Browser" library="SeleniumLibrary">
<arg>https://www.heureka.sk</arg>
<arg>gc</arg>
<doc>Opens a new browser instance to the optional ``url``.</doc>
<msg timestamp="20211203 20:28:53.377" level="TRACE">Arguments: [ 'https://www.heureka.sk' | 'gc' ]</msg>
<msg timestamp="20211203 20:28:53.377" level="INFO">Opening browser 'gc' to base url 'https://www.heureka.sk'.</msg>
<msg timestamp="20211203 20:28:53.939" level="DEBUG">POST http://localhost:58330/session {"capabilities": {"firstMatch": [{}], "alwaysMatch": {"browserName": "chrome", "pageLoadStrategy": "normal", "goog:chromeOptions": {"extensions": [], "args": []}}}, "desiredCapabilities": {"browserName": "chrome", "pageLoadStrategy": "normal", "goog:chromeOptions": {"extensions": [], "args": []}}}</msg>
<msg timestamp="20211203 20:28:53.946" level="DEBUG">Starting new HTTP connection (1): localhost:58330</msg>
<msg timestamp="20211203 20:28:55.261" level="DEBUG">http://localhost:58330 "POST /session HTTP/1.1" 200 789</msg>
<msg timestamp="20211203 20:28:55.261" level="DEBUG">Finished Request</msg>
<msg timestamp="20211203 20:28:55.262" level="DEBUG">POST http://localhost:58330/session/02a63ff0d2a272a7181ab8c14b5b060b/timeouts {"script": 5000}</msg>
<msg timestamp="20211203 20:28:55.263" level="DEBUG">http://localhost:58330 "POST /session/02a63ff0d2a272a7181ab8c14b5b060b/timeouts HTTP/1.1" 200 14</msg>
<msg timestamp="20211203 20:28:55.264" level="DEBUG">Finished Request</msg>
<msg timestamp="20211203 20:28:55.264" level="DEBUG">POST http://localhost:58330/session/02a63ff0d2a272a7181ab8c14b5b060b/timeouts {"implicit": 0}</msg>
<msg timestamp="20211203 20:28:55.265" level="DEBUG">http://localhost:58330 "POST /session/02a63ff0d2a272a7181ab8c14b5b060b/timeouts HTTP/1.1" 200 14</msg>
<msg timestamp="20211203 20:28:55.266" level="DEBUG">Finished Request</msg>
<msg timestamp="20211203 20:28:55.266" level="DEBUG">POST http://localhost:58330/session/02a63ff0d2a272a7181ab8c14b5b060b/url {"url": "https://www.heureka.sk"}</msg>
<msg timestamp="20211203 20:28:57.552" level="DEBUG">http://localhost:58330 "POST /session/02a63ff0d2a272a7181ab8c14b5b060b/url HTTP/1.1" 200 14</msg>
<msg timestamp="20211203 20:28:57.553" level="DEBUG">Finished Request</msg>
<msg timestamp="20211203 20:28:57.553" level="DEBUG">Opened browser with session id 02a63ff0d2a272a7181ab8c14b5b060b.</msg>
<msg timestamp="20211203 20:28:57.553" level="TRACE">Return: 1</msg>
<status status="PASS" starttime="20211203 20:28:53.377" endtime="20211203 20:28:57.553"/>
</kw>
<kw name="Set Window Size" library="SeleniumLibrary">
<arg>1920</arg>
<arg>1080</arg>
<doc>Sets current windows size to given ``width`` and ``height``.</doc>
<msg timestamp="20211203 20:28:57.554" level="TRACE">Arguments: [ 1920 | 1080 ]</msg>
<msg timestamp="20211203 20:28:57.555" level="DEBUG">POST http://localhost:58330/session/02a63ff0d2a272a7181ab8c14b5b060b/window/rect {"x": null, "y": null, "width": 1920, "height": 1080}</msg>
<msg timestamp="20211203 20:28:58.064" level="DEBUG">http://localhost:58330 "POST /session/02a63ff0d2a272a7181ab8c14b5b060b/window/rect HTTP/1.1" 200 52</msg>
<msg timestamp="20211203 20:28:58.065" level="DEBUG">Finished Request</msg>
<msg timestamp="20211203 20:28:58.065" level="TRACE">Return: None</msg>
<status status="PASS" starttime="20211203 20:28:57.554" endtime="20211203 20:28:58.065"/>
</kw>
<msg timestamp="20211203 20:28:58.066" level="TRACE">Return: None</msg>
<status status="PASS" starttime="20211203 20:28:53.377" endtime="20211203 20:28:58.066"/>
</kw>
<kw name="Open category: Tips for gifts - For Men - Chritmass - Speakers - Price from 40€ to 100€" library="keywords_final">
<msg timestamp="20211203 20:28:58.070" level="TRACE">Arguments: [  ]</msg>
<kw name="Click Element" library="SeleniumLibrary">
<arg>${Tips_for_gifts}</arg>
<doc>Click the element identified by ``locator``.</doc>
<msg timestamp="20211203 20:28:58.071" level="TRACE">Arguments: [ 'xpath://img[@alt="Tipy na darčeky"]' ]</msg>
<msg timestamp="20211203 20:28:58.071" level="INFO">Clicking element 'xpath://img[@alt="Tipy na darčeky"]'.</msg>
<msg timestamp="20211203 20:28:58.072" level="DEBUG">POST http://localhost:58330/session/02a63ff0d2a272a7181ab8c14b5b060b/elements {"using": "xpath", "value": "//img[@alt=\"Tipy na dar\u010deky\"]"}</msg>
<msg timestamp="20211203 20:28:58.338" level="DEBUG">http://localhost:58330 "POST /session/02a63ff0d2a272a7181ab8c14b5b060b/elements HTTP/1.1" 200 90</msg>
<msg timestamp="20211203 20:28:58.339" level="DEBUG">Finished Request</msg>
<msg timestamp="20211203 20:28:58.339" level="DEBUG">POST http://localhost:58330/session/02a63ff0d2a272a7181ab8c14b5b060b/element/f9777c19-b067-477c-a393-7f8d5ed8daf4/click {"id": "f9777c19-b067-477c-a393-7f8d5ed8daf4"}</msg>
<msg timestamp="20211203 20:29:00.827" level="DEBUG">http://localhost:58330 "POST /session/02a63ff0d2a272a7181ab8c14b5b060b/element/f9777c19-b067-477c-a393-7f8d5ed8daf4/click HTTP/1.1" 200 14</msg>
<msg timestamp="20211203 20:29:00.828" level="DEBUG">Finished Request</msg>
<msg timestamp="20211203 20:29:00.828" level="TRACE">Return: None</msg>
<status status="PASS" starttime="20211203 20:28:58.070" endtime="20211203 20:29:00.828"/>
</kw>
<kw name="Wait Until Page Contains" library="SeleniumLibrary">
<arg>Pre koho je darček</arg>
<arg>10 s</arg>
<doc>Waits until ``text`` appears on the current page.</doc>
<msg timestamp="20211203 20:29:00.829" level="TRACE">Arguments: [ 'Pre koho je darček' | datetime.timedelta(seconds=10) ]</msg>
<msg timestamp="20211203 20:29:00.830" level="DEBUG">POST http://localhost:58330/session/02a63ff0d2a272a7181ab8c14b5b060b/elements {"using": "xpath", "value": "//*[contains(., 'Pre koho je dar\u010dek')]"}</msg>
<msg timestamp="20211203 20:29:01.058" level="DEBUG">http://localhost:58330 "POST /session/02a63ff0d2a272a7181ab8c14b5b060b/elements HTTP/1.1" 200 959</msg>
<msg timestamp="20211203 20:29:01.060" level="DEBUG">Finished Request</msg>
<msg timestamp="20211203 20:29:01.060" level="TRACE">Return: None</msg>
<status status="PASS" starttime="20211203 20:29:00.829" endtime="20211203 20:29:01.060"/>
</kw>
<kw name="Click Element" library="SeleniumLibrary">
<arg>${Category_Man}</arg>
<doc>Click the element identified by ``locator``.</doc>
<msg timestamp="20211203 20:29:01.062" level="TRACE">Arguments: [ 'xpath://a[@data-label="Muž"]' ]</msg>
<msg timestamp="20211203 20:29:01.062" level="INFO">Clicking element 'xpath://a[@data-label="Muž"]'.</msg>
<msg timestamp="20211203 20:29:01.063" level="DEBUG">POST http://localhost:58330/session/02a63ff0d2a272a7181ab8c14b5b060b/elements {"using": "xpath", "value": "//a[@data-label=\"Mu\u017e\"]"}</msg>
<msg timestamp="20211203 20:29:01.088" level="DEBUG">http://localhost:58330 "POST /session/02a63ff0d2a272a7181ab8c14b5b060b/elements HTTP/1.1" 200 90</msg>
<msg timestamp="20211203 20:29:01.089" level="DEBUG">Finished Request</msg>
<msg timestamp="20211203 20:29:01.089" level="DEBUG">POST http://localhost:58330/session/02a63ff0d2a272a7181ab8c14b5b060b/element/a7217a8c-b53a-4a55-b414-bbb4291bd901/click {"id": "a7217a8c-b53a-4a55-b414-bbb4291bd901"}</msg>
<msg timestamp="20211203 20:29:04.619" level="DEBUG">http://localhost:58330 "POST /session/02a63ff0d2a272a7181ab8c14b5b060b/element/a7217a8c-b53a-4a55-b414-bbb4291bd901/click HTTP/1.1" 200 14</msg>
<msg timestamp="20211203 20:29:04.619" level="DEBUG">Finished Request</msg>
<msg timestamp="20211203 20:29:04.620" level="TRACE">Return: None</msg>
<status status="PASS" starttime="20211203 20:29:01.061" endtime="20211203 20:29:04.620"/>
</kw>
<kw name="Click Element" library="SeleniumLibrary">
<arg>${Category_Christmas}</arg>
<doc>Click the element identified by ``locator``.</doc>
<msg timestamp="20211203 20:29:04.623" level="TRACE">Arguments: [ 'xpath://a[@data-name="Vianoce"]' ]</msg>
<msg timestamp="20211203 20:29:04.624" level="INFO">Clicking element 'xpath://a[@data-name="Vianoce"]'.</msg>
<msg timestamp="20211203 20:29:04.624" level="DEBUG">POST http://localhost:58330/session/02a63ff0d2a272a7181ab8c14b5b060b/elements {"using": "xpath", "value": "//a[@data-name=\"Vianoce\"]"}</msg>
<msg timestamp="20211203 20:29:05.843" level="DEBUG">http://localhost:58330 "POST /session/02a63ff0d2a272a7181ab8c14b5b060b/elements HTTP/1.1" 200 90</msg>
<msg timestamp="20211203 20:29:05.843" level="DEBUG">Finished Request</msg>
<msg timestamp="20211203 20:29:05.844" level="DEBUG">POST http://localhost:58330/session/02a63ff0d2a272a7181ab8c14b5b060b/element/431a5246-e401-4c91-a13c-287fb137b0aa/click {"id": "431a5246-e401-4c91-a13c-287fb137b0aa"}</msg>
<msg timestamp="20211203 20:29:09.609" level="DEBUG">http://localhost:58330 "POST /session/02a63ff0d2a272a7181ab8c14b5b060b/element/431a5246-e401-4c91-a13c-287fb137b0aa/click HTTP/1.1" 200 14</msg>
<msg timestamp="20211203 20:29:09.610" level="DEBUG">Finished Request</msg>
<msg timestamp="20211203 20:29:09.611" level="TRACE">Return: None</msg>
<status status="PASS" starttime="20211203 20:29:04.621" endtime="20211203 20:29:09.611"/>
</kw>
<kw name="Page Should Contain" library="SeleniumLibrary">
<arg>Darčeky pre mužov na Vianoce</arg>
<doc>Verifies that current page contains ``text``.</doc>
<msg timestamp="20211203 20:29:09.614" level="TRACE">Arguments: [ 'Darčeky pre mužov na Vianoce' ]</msg>
<msg timestamp="20211203 20:29:09.614" level="DEBUG">POST http://localhost:58330/session/02a63ff0d2a272a7181ab8c14b5b060b/frame {"id": null}</msg>
<msg timestamp="20211203 20:29:10.849" level="DEBUG">http://localhost:58330 "POST /session/02a63ff0d2a272a7181ab8c14b5b060b/frame HTTP/1.1" 200 14</msg>
<msg timestamp="20211203 20:29:10.849" level="DEBUG">Finished Request</msg>
<msg timestamp="20211203 20:29:10.849" level="DEBUG">POST http://localhost:58330/session/02a63ff0d2a272a7181ab8c14b5b060b/elements {"using": "xpath", "value": "//*[contains(., 'Dar\u010deky pre mu\u017eov na Vianoce')]"}</msg>
<msg timestamp="20211203 20:29:10.877" level="DEBUG">http://localhost:58330 "POST /session/02a63ff0d2a272a7181ab8c14b5b060b/elements HTTP/1.1" 200 1828</msg>
<msg timestamp="20211203 20:29:10.878" level="DEBUG">Finished Request</msg>
<msg timestamp="20211203 20:29:10.878" level="INFO">Current page contains text 'Darčeky pre mužov na Vianoce'.</msg>
<msg timestamp="20211203 20:29:10.878" level="TRACE">Return: None</msg>
<status status="PASS" starttime="20211203 20:29:09.612" endtime="20211203 20:29:10.878"/>
</kw>
<kw name="Click Element" library="SeleniumLibrary">
<arg>${Category_Speakers}</arg>
<doc>Click the element identified by ``locator``.</doc>
<msg timestamp="20211203 20:29:10.879" level="TRACE">Arguments: [ 'xpath://a[@title="Reprosústavy a reproduktory"][contains(@class, \'heading category\')]' ]</msg>
<msg timestamp="20211203 20:29:10.879" level="INFO">Clicking element 'xpath://a[@title="Reprosústavy a reproduktory"][contains(@class, 'heading category')]'.</msg>
<msg timestamp="20211203 20:29:10.879" level="DEBUG">POST http://localhost:58330/session/02a63ff0d2a272a7181ab8c14b5b060b/elements {"using": "xpath", "value": "//a[@title=\"Repros\u00fastavy a reproduktory\"][contains(@class, 'heading category')]"}</msg>
<msg timestamp="20211203 20:29:10.915" level="DEBUG">http://localhost:58330 "POST /session/02a63ff0d2a272a7181ab8c14b5b060b/elements HTTP/1.1" 200 90</msg>
<msg timestamp="20211203 20:29:10.915" level="DEBUG">Finished Request</msg>
<msg timestamp="20211203 20:29:10.916" level="DEBUG">POST http://localhost:58330/session/02a63ff0d2a272a7181ab8c14b5b060b/element/47c63ccc-4374-46c6-a40d-00d52866a370/click {"id": "47c63ccc-4374-46c6-a40d-00d52866a370"}</msg>
<msg timestamp="20211203 20:29:11.127" level="DEBUG">http://localhost:58330 "POST /session/02a63ff0d2a272a7181ab8c14b5b060b/element/47c63ccc-4374-46c6-a40d-00d52866a370/click HTTP/1.1" 200 14</msg>
<msg timestamp="20211203 20:29:11.127" level="DEBUG">Finished Request</msg>
<msg timestamp="20211203 20:29:11.127" level="TRACE">Return: None</msg>
<status status="PASS" starttime="20211203 20:29:10.878" endtime="20211203 20:29:11.128"/>
</kw>
<kw name="Switch Window" library="SeleniumLibrary">
<arg>New</arg>
<doc>Switches to browser window matching ``locator``.</doc>
<msg timestamp="20211203 20:29:11.128" level="TRACE">Arguments: [ 'New' ]</msg>
<msg timestamp="20211203 20:29:11.129" level="DEBUG">GET http://localhost:58330/session/02a63ff0d2a272a7181ab8c14b5b060b/window {}</msg>
<msg timestamp="20211203 20:29:11.130" level="DEBUG">http://localhost:58330 "GET /session/02a63ff0d2a272a7181ab8c14b5b060b/window HTTP/1.1" 200 53</msg>
<msg timestamp="20211203 20:29:11.131" level="DEBUG">Finished Request</msg>
<msg timestamp="20211203 20:29:11.131" level="DEBUG">GET http://localhost:58330/session/02a63ff0d2a272a7181ab8c14b5b060b/window/handles {}</msg>
<msg timestamp="20211203 20:29:11.142" level="DEBUG">http://localhost:58330 "GET /session/02a63ff0d2a272a7181ab8c14b5b060b/window/handles HTTP/1.1" 200 99</msg>
<msg timestamp="20211203 20:29:11.143" level="DEBUG">Finished Request</msg>
<msg timestamp="20211203 20:29:11.143" level="DEBUG">GET http://localhost:58330/session/02a63ff0d2a272a7181ab8c14b5b060b/window {}</msg>
<msg timestamp="20211203 20:29:11.144" level="DEBUG">http://localhost:58330 "GET /session/02a63ff0d2a272a7181ab8c14b5b060b/window HTTP/1.1" 200 53</msg>
<msg timestamp="20211203 20:29:11.145" level="DEBUG">Finished Request</msg>
<msg timestamp="20211203 20:29:11.145" level="DEBUG">POST http://localhost:58330/session/02a63ff0d2a272a7181ab8c14b5b060b/window {"handle": "CDwindow-B562E4FFB6EC411AD2CC6A7E097490B8"}</msg>
<msg timestamp="20211203 20:29:11.151" level="DEBUG">http://localhost:58330 "POST /session/02a63ff0d2a272a7181ab8c14b5b060b/window HTTP/1.1" 200 14</msg>
<msg timestamp="20211203 20:29:11.151" level="DEBUG">Finished Request</msg>
<msg timestamp="20211203 20:29:11.151" level="TRACE">Return: 'CDwindow-17C11942B613A0673852D1B8C12B74F1'</msg>
<status status="PASS" starttime="20211203 20:29:11.128" endtime="20211203 20:29:11.152"/>
</kw>
<msg timestamp="20211203 20:29:11.152" level="TRACE">Return: None</msg>
<status status="PASS" starttime="20211203 20:28:58.068" endtime="20211203 20:29:11.152"/>
</kw>
<kw name="Add product JBL Control One into basket (via &quot;Kupit na heureke&quot;)" library="keywords_final">
<msg timestamp="20211203 20:29:11.154" level="TRACE">Arguments: [  ]</msg>
<kw name="Wait Until Element Is Visible" library="SeleniumLibrary">
<arg>${JBLControlOne}</arg>
<arg>10 s</arg>
<doc>Waits until the element ``locator`` is visible.</doc>
<msg timestamp="20211203 20:29:11.155" level="TRACE">Arguments: [ 'xpath://img[@alt="JBL Control One"]' | datetime.timedelta(seconds=10) ]</msg>
<msg timestamp="20211203 20:29:11.156" level="DEBUG">POST http://localhost:58330/session/02a63ff0d2a272a7181ab8c14b5b060b/elements {"using": "xpath", "value": "//img[@alt=\"JBL Control One\"]"}</msg>
<msg timestamp="20211203 20:29:14.991" level="DEBUG">http://localhost:58330 "POST /session/02a63ff0d2a272a7181ab8c14b5b060b/elements HTTP/1.1" 200 90</msg>
<msg timestamp="20211203 20:29:14.991" level="DEBUG">Finished Request</msg>
<msg timestamp="20211203 20:29:14.991" level="DEBUG">POST http://localhost:58330/session/02a63ff0d2a272a7181ab8c14b5b060b/execute/sync {"script": "return (function(){return (function(){var k=this||self;function aa(a){return\"string\"==typeof a}function ba(a,b){a=a.split(\".\");var c=k;a[0]in c||\"undefined\"==typeof c.execScript||c.execScript(\"var \"+a[0]);for(var d;a.length&amp;&amp;(d=a.shift());)a.length||void 0===b?c[d]&amp;&amp;c[d]!==Object.prototype[d]?c=c[d]:c=c[d]={}:c[d]=b}\nfunction ca(a){var b=typeof a;if(\"object\"==b)if(a){if(a instanceof Array)return\"array\";if(a instanceof Object)return b;var c=Object.prototype.toString.call(a);if(\"[object Window]\"==c)return\"object\";if(\"[object Array]\"==c||\"number\"==typeof a.length&amp;&amp;\"undefined\"!=typeof a.splice&amp;&amp;\"undefined\"!=typeof a.propertyIsEnumerable&amp;&amp;!a.propertyIsEnumerable(\"splice\"))return\"array\";if(\"[object Function]\"==c||\"undefined\"!=typeof a.call&amp;&amp;\"undefined\"!=typeof a.propertyIsEnumerable&amp;&amp;!a.propertyIsEnumerable(\"call\"))return\"function\"}else return\"null\";\nelse if(\"function\"==b&amp;&amp;\"undefined\"==typeof a.call)return\"object\";return b}function da(a,b,c){return a.call.apply(a.bind,arguments)}function ea(a,b,c){if(!a)throw Error();if(2&lt;arguments.length){var d=Array.prototype.slice.call(arguments,2);return function(){var e=Array.prototype.slice.call(arguments);Array.prototype.unshift.apply(e,d);return a.apply(b,e)}}return function(){return a.apply(b,arguments)}}\nfunction fa(a,b,c){Function.prototype.bind&amp;&amp;-1!=Function.prototype.bind.toString().indexOf(\"native code\")?fa=da:fa=ea;return fa.apply(null,arguments)}function ha(a,b){var c=Array.prototype.slice.call(arguments,1);return function(){var d=c.slice();d.push.apply(d,arguments);return a.apply(this,d)}}function l(a,b){function c(){}c.prototype=b.prototype;a.prototype=new c;a.prototype.constructor=a};/*\n\n The MIT License\n\n Copyright (c) 2007 Cybozu Labs, Inc.\n Copyright (c) 2012 Google Inc.\n\n Permission is hereby granted, free of charge, to any person obtaining a copy\n of this software and associated documentation files (the \"Software\"), to\n deal in the Software without restriction, including without limitation the\n rights to use, copy, modify, merge, publish, distribute, sublicense, and/or\n sell copies of the Software, and to permit persons to whom the Software is\n furnished to do so, subject to the following conditions:\n\n The above copyright notice and this permission notice shall be included in\n all copies or substantial portions of the Software.\n\n THE SOFTWARE IS PROVIDED \"AS IS\", WITHOUT WARRANTY OF ANY KIND, EXPRESS OR\n IMPLIED, INCLUDING BUT NOT LIMITED TO THE WARRANTIES OF MERCHANTABILITY,\n FITNESS FOR A PARTICULAR PURPOSE AND NONINFRINGEMENT. IN NO EVENT SHALL THE\n AUTHORS OR COPYRIGHT HOLDERS BE LIABLE FOR ANY CLAIM, DAMAGES OR OTHER\n LIABILITY, WHETHER IN AN ACTION OF CONTRACT, TORT OR OTHERWISE, ARISING\n FROM, OUT OF OR IN CONNECTION WITH THE SOFTWARE OR THE USE OR OTHER DEALINGS\n IN THE SOFTWARE.\n*/\nfunction ia(a,b,c){this.a=a;this.b=b||1;this.f=c||1};var ja=Array.prototype.indexOf?function(a,b){return Array.prototype.indexOf.call(a,b,void 0)}:function(a,b){if(\"string\"===typeof a)return\"string\"!==typeof b||1!=b.length?-1:a.indexOf(b,0);for(var c=0;c&lt;a.length;c++)if(c in a&amp;&amp;a[c]===b)return c;return-1},n=Array.prototype.forEach?function(a,b){Array.prototype.forEach.call(a,b,void 0)}:function(a,b){for(var c=a.length,d=\"string\"===typeof a?a.split(\"\"):a,e=0;e&lt;c;e++)e in d&amp;&amp;b.call(void 0,d[e],e,a)},ka=Array.prototype.filter?function(a,b){return Array.prototype.filter.call(a,\nb,void 0)}:function(a,b){for(var c=a.length,d=[],e=0,f=\"string\"===typeof a?a.split(\"\"):a,g=0;g&lt;c;g++)if(g in f){var h=f[g];b.call(void 0,h,g,a)&amp;&amp;(d[e++]=h)}return d},la=Array.prototype.reduce?function(a,b,c){return Array.prototype.reduce.call(a,b,c)}:function(a,b,c){var d=c;n(a,function(e,f){d=b.call(void 0,d,e,f,a)});return d},ma=Array.prototype.some?function(a,b){return Array.prototype.some.call(a,b,void 0)}:function(a,b){for(var c=a.length,d=\"string\"===typeof a?a.split(\"\"):a,e=0;e&lt;c;e++)if(e in\nd&amp;&amp;b.call(void 0,d[e],e,a))return!0;return!1},na=Array.prototype.every?function(a,b){return Array.prototype.every.call(a,b,void 0)}:function(a,b){for(var c=a.length,d=\"string\"===typeof a?a.split(\"\"):a,e=0;e&lt;c;e++)if(e in d&amp;&amp;!b.call(void 0,d[e],e,a))return!1;return!0};function oa(a,b){a:{for(var c=a.length,d=\"string\"===typeof a?a.split(\"\"):a,e=0;e&lt;c;e++)if(e in d&amp;&amp;b.call(void 0,d[e],e,a)){b=e;break a}b=-1}return 0&gt;b?null:\"string\"===typeof a?a.charAt(b):a[b]}\nfunction pa(a){return Array.prototype.concat.apply([],arguments)}function qa(a,b,c){return 2&gt;=arguments.length?Array.prototype.slice.call(a,b):Array.prototype.slice.call(a,b,c)};var ra=String.prototype.trim?function(a){return a.trim()}:function(a){return/^[\\s\\xa0]*([\\s\\S]*?)[\\s\\xa0]*$/.exec(a)[1]};function sa(a,b){return a&lt;b?-1:a&gt;b?1:0};var t;a:{var ta=k.navigator;if(ta){var ua=ta.userAgent;if(ua){t=ua;break a}}t=\"\"}function u(a){return-1!=t.indexOf(a)};function va(){return u(\"Firefox\")||u(\"FxiOS\")}function wa(){return(u(\"Chrome\")||u(\"CriOS\"))&amp;&amp;!u(\"Edge\")};function xa(a){return String(a).replace(/\\-([a-z])/g,function(b,c){return c.toUpperCase()})};function ya(){return u(\"iPhone\")&amp;&amp;!u(\"iPod\")&amp;&amp;!u(\"iPad\")};function za(a,b){var c=Aa;return Object.prototype.hasOwnProperty.call(c,a)?c[a]:c[a]=b(a)};var Ba=u(\"Opera\"),v=u(\"Trident\")||u(\"MSIE\"),Ca=u(\"Edge\"),Da=u(\"Gecko\")&amp;&amp;!(-1!=t.toLowerCase().indexOf(\"webkit\")&amp;&amp;!u(\"Edge\"))&amp;&amp;!(u(\"Trident\")||u(\"MSIE\"))&amp;&amp;!u(\"Edge\"),Ea=-1!=t.toLowerCase().indexOf(\"webkit\")&amp;&amp;!u(\"Edge\");function Fa(){var a=k.document;return a?a.documentMode:void 0}var Ga;\na:{var Ha=\"\",Ia=function(){var a=t;if(Da)return/rv:([^\\);]+)(\\)|;)/.exec(a);if(Ca)return/Edge\\/([\\d\\.]+)/.exec(a);if(v)return/\\b(?:MSIE|rv)[: ]([^\\);]+)(\\)|;)/.exec(a);if(Ea)return/WebKit\\/(\\S+)/.exec(a);if(Ba)return/(?:Version)[ \\/]?(\\S+)/.exec(a)}();Ia&amp;&amp;(Ha=Ia?Ia[1]:\"\");if(v){var Ja=Fa();if(null!=Ja&amp;&amp;Ja&gt;parseFloat(Ha)){Ga=String(Ja);break a}}Ga=Ha}var Aa={};\nfunction Ka(a){return za(a,function(){for(var b=0,c=ra(String(Ga)).split(\".\"),d=ra(String(a)).split(\".\"),e=Math.max(c.length,d.length),f=0;0==b&amp;&amp;f&lt;e;f++){var g=c[f]||\"\",h=d[f]||\"\";do{g=/(\\d*)(\\D*)(.*)/.exec(g)||[\"\",\"\",\"\",\"\"];h=/(\\d*)(\\D*)(.*)/.exec(h)||[\"\",\"\",\"\",\"\"];if(0==g[0].length&amp;&amp;0==h[0].length)break;b=sa(0==g[1].length?0:parseInt(g[1],10),0==h[1].length?0:parseInt(h[1],10))||sa(0==g[2].length,0==h[2].length)||sa(g[2],h[2]);g=g[3];h=h[3]}while(0==b)}return 0&lt;=b})}var La;\nLa=k.document&amp;&amp;v?Fa():void 0;var x=v&amp;&amp;!(9&lt;=Number(La)),Ma=v&amp;&amp;!(8&lt;=Number(La));function Na(a,b,c,d){this.a=a;this.nodeName=c;this.nodeValue=d;this.nodeType=2;this.parentNode=this.ownerElement=b}function Oa(a,b){var c=Ma&amp;&amp;\"href\"==b.nodeName?a.getAttribute(b.nodeName,2):b.nodeValue;return new Na(b,a,b.nodeName,c)};function Pa(a){this.b=a;this.a=0}function Qa(a){a=a.match(Ra);for(var b=0;b&lt;a.length;b++)Sa.test(a[b])&amp;&amp;a.splice(b,1);return new Pa(a)}var Ra=/\\$?(?:(?![0-9-\\.])(?:\\*|[\\w-\\.]+):)?(?![0-9-\\.])(?:\\*|[\\w-\\.]+)|\\/\\/|\\.\\.|::|\\d+(?:\\.\\d*)?|\\.\\d+|\"[^\"]*\"|'[^']*'|[!&lt;&gt;]=|\\s+|./g,Sa=/^\\s/;function y(a,b){return a.b[a.a+(b||0)]}function z(a){return a.b[a.a++]}function Ta(a){return a.b.length&lt;=a.a};function Ua(a,b){this.x=void 0!==a?a:0;this.y=void 0!==b?b:0}Ua.prototype.ceil=function(){this.x=Math.ceil(this.x);this.y=Math.ceil(this.y);return this};Ua.prototype.floor=function(){this.x=Math.floor(this.x);this.y=Math.floor(this.y);return this};Ua.prototype.round=function(){this.x=Math.round(this.x);this.y=Math.round(this.y);return this};function Va(a,b){this.width=a;this.height=b}Va.prototype.aspectRatio=function(){return this.width/this.height};Va.prototype.ceil=function(){this.width=Math.ceil(this.width);this.height=Math.ceil(this.height);return this};Va.prototype.floor=function(){this.width=Math.floor(this.width);this.height=Math.floor(this.height);return this};Va.prototype.round=function(){this.width=Math.round(this.width);this.height=Math.round(this.height);return this};function Wa(a,b){if(!a||!b)return!1;if(a.contains&amp;&amp;1==b.nodeType)return a==b||a.contains(b);if(\"undefined\"!=typeof a.compareDocumentPosition)return a==b||!!(a.compareDocumentPosition(b)&amp;16);for(;b&amp;&amp;a!=b;)b=b.parentNode;return b==a}\nfunction Xa(a,b){if(a==b)return 0;if(a.compareDocumentPosition)return a.compareDocumentPosition(b)&amp;2?1:-1;if(v&amp;&amp;!(9&lt;=Number(La))){if(9==a.nodeType)return-1;if(9==b.nodeType)return 1}if(\"sourceIndex\"in a||a.parentNode&amp;&amp;\"sourceIndex\"in a.parentNode){var c=1==a.nodeType,d=1==b.nodeType;if(c&amp;&amp;d)return a.sourceIndex-b.sourceIndex;var e=a.parentNode,f=b.parentNode;return e==f?Ya(a,b):!c&amp;&amp;Wa(e,b)?-1*Za(a,b):!d&amp;&amp;Wa(f,a)?Za(b,a):(c?a.sourceIndex:e.sourceIndex)-(d?b.sourceIndex:f.sourceIndex)}d=A(a);c=d.createRange();\nc.selectNode(a);c.collapse(!0);a=d.createRange();a.selectNode(b);a.collapse(!0);return c.compareBoundaryPoints(k.Range.START_TO_END,a)}function Za(a,b){var c=a.parentNode;if(c==b)return-1;for(;b.parentNode!=c;)b=b.parentNode;return Ya(b,a)}function Ya(a,b){for(;b=b.previousSibling;)if(b==a)return-1;return 1}function A(a){return 9==a.nodeType?a:a.ownerDocument||a.document}function $a(a,b){a&amp;&amp;(a=a.parentNode);for(var c=0;a;){if(b(a))return a;a=a.parentNode;c++}return null}\nfunction ab(a){this.a=a||k.document||document}ab.prototype.getElementsByTagName=function(a,b){return(b||this.a).getElementsByTagName(String(a))};function B(a){var b=null,c=a.nodeType;1==c&amp;&amp;(b=a.textContent,b=void 0==b||null==b?a.innerText:b,b=void 0==b||null==b?\"\":b);if(\"string\"!=typeof b)if(x&amp;&amp;\"title\"==a.nodeName.toLowerCase()&amp;&amp;1==c)b=a.text;else if(9==c||1==c){a=9==c?a.documentElement:a.firstChild;c=0;var d=[];for(b=\"\";a;){do 1!=a.nodeType&amp;&amp;(b+=a.nodeValue),x&amp;&amp;\"title\"==a.nodeName.toLowerCase()&amp;&amp;(b+=a.text),d[c++]=a;while(a=a.firstChild);for(;c&amp;&amp;!(a=d[--c].nextSibling););}}else b=a.nodeValue;return b}\nfunction C(a,b,c){if(null===b)return!0;try{if(!a.getAttribute)return!1}catch(d){return!1}Ma&amp;&amp;\"class\"==b&amp;&amp;(b=\"className\");return null==c?!!a.getAttribute(b):a.getAttribute(b,2)==c}function bb(a,b,c,d,e){return(x?cb:db).call(null,a,b,aa(c)?c:null,aa(d)?d:null,e||new E)}\nfunction cb(a,b,c,d,e){if(a instanceof F||8==a.b||c&amp;&amp;null===a.b){var f=b.all;if(!f)return e;a=eb(a);if(\"*\"!=a&amp;&amp;(f=b.getElementsByTagName(a),!f))return e;if(c){for(var g=[],h=0;b=f[h++];)C(b,c,d)&amp;&amp;g.push(b);f=g}for(h=0;b=f[h++];)\"*\"==a&amp;&amp;\"!\"==b.tagName||e.add(b);return e}gb(a,b,c,d,e);return e}\nfunction db(a,b,c,d,e){b.getElementsByName&amp;&amp;d&amp;&amp;\"name\"==c&amp;&amp;!v?(b=b.getElementsByName(d),n(b,function(f){a.a(f)&amp;&amp;e.add(f)})):b.getElementsByClassName&amp;&amp;d&amp;&amp;\"class\"==c?(b=b.getElementsByClassName(d),n(b,function(f){f.className==d&amp;&amp;a.a(f)&amp;&amp;e.add(f)})):a instanceof G?gb(a,b,c,d,e):b.getElementsByTagName&amp;&amp;(b=b.getElementsByTagName(a.f()),n(b,function(f){C(f,c,d)&amp;&amp;e.add(f)}));return e}\nfunction hb(a,b,c,d,e){var f;if((a instanceof F||8==a.b||c&amp;&amp;null===a.b)&amp;&amp;(f=b.childNodes)){var g=eb(a);if(\"*\"!=g&amp;&amp;(f=ka(f,function(h){return h.tagName&amp;&amp;h.tagName.toLowerCase()==g}),!f))return e;c&amp;&amp;(f=ka(f,function(h){return C(h,c,d)}));n(f,function(h){\"*\"==g&amp;&amp;(\"!\"==h.tagName||\"*\"==g&amp;&amp;1!=h.nodeType)||e.add(h)});return e}return ib(a,b,c,d,e)}function ib(a,b,c,d,e){for(b=b.firstChild;b;b=b.nextSibling)C(b,c,d)&amp;&amp;a.a(b)&amp;&amp;e.add(b);return e}\nfunction gb(a,b,c,d,e){for(b=b.firstChild;b;b=b.nextSibling)C(b,c,d)&amp;&amp;a.a(b)&amp;&amp;e.add(b),gb(a,b,c,d,e)}function eb(a){if(a instanceof G){if(8==a.b)return\"!\";if(null===a.b)return\"*\"}return a.f()};function E(){this.b=this.a=null;this.l=0}function jb(a){this.f=a;this.a=this.b=null}function kb(a,b){if(!a.a)return b;if(!b.a)return a;var c=a.a;b=b.a;for(var d=null,e,f=0;c&amp;&amp;b;){e=c.f;var g=b.f;e==g||e instanceof Na&amp;&amp;g instanceof Na&amp;&amp;e.a==g.a?(e=c,c=c.a,b=b.a):0&lt;Xa(c.f,b.f)?(e=b,b=b.a):(e=c,c=c.a);(e.b=d)?d.a=e:a.a=e;d=e;f++}for(e=c||b;e;)e.b=d,d=d.a=e,f++,e=e.a;a.b=d;a.l=f;return a}function lb(a,b){b=new jb(b);b.a=a.a;a.b?a.a.b=b:a.a=a.b=b;a.a=b;a.l++}\nE.prototype.add=function(a){a=new jb(a);a.b=this.b;this.a?this.b.a=a:this.a=this.b=a;this.b=a;this.l++};function mb(a){return(a=a.a)?a.f:null}function nb(a){return(a=mb(a))?B(a):\"\"}function H(a,b){return new ob(a,!!b)}function ob(a,b){this.f=a;this.b=(this.s=b)?a.b:a.a;this.a=null}function I(a){var b=a.b;if(null==b)return null;var c=a.a=b;a.b=a.s?b.b:b.a;return c.f};function J(a){this.i=a;this.b=this.g=!1;this.f=null}function K(a){return\"\\n  \"+a.toString().split(\"\\n\").join(\"\\n  \")}function pb(a,b){a.g=b}function qb(a,b){a.b=b}function N(a,b){a=a.a(b);return a instanceof E?+nb(a):+a}function O(a,b){a=a.a(b);return a instanceof E?nb(a):\"\"+a}function rb(a,b){a=a.a(b);return a instanceof E?!!a.l:!!a};function sb(a,b,c){J.call(this,a.i);this.c=a;this.h=b;this.o=c;this.g=b.g||c.g;this.b=b.b||c.b;this.c==tb&amp;&amp;(c.b||c.g||4==c.i||0==c.i||!b.f?b.b||b.g||4==b.i||0==b.i||!c.f||(this.f={name:c.f.name,u:b}):this.f={name:b.f.name,u:c})}l(sb,J);\nfunction ub(a,b,c,d,e){b=b.a(d);c=c.a(d);var f;if(b instanceof E&amp;&amp;c instanceof E){b=H(b);for(d=I(b);d;d=I(b))for(e=H(c),f=I(e);f;f=I(e))if(a(B(d),B(f)))return!0;return!1}if(b instanceof E||c instanceof E){b instanceof E?(e=b,d=c):(e=c,d=b);f=H(e);for(var g=typeof d,h=I(f);h;h=I(f)){switch(g){case \"number\":h=+B(h);break;case \"boolean\":h=!!B(h);break;case \"string\":h=B(h);break;default:throw Error(\"Illegal primitive type for comparison.\");}if(e==b&amp;&amp;a(h,d)||e==c&amp;&amp;a(d,h))return!0}return!1}return e?\"boolean\"==\ntypeof b||\"boolean\"==typeof c?a(!!b,!!c):\"number\"==typeof b||\"number\"==typeof c?a(+b,+c):a(b,c):a(+b,+c)}sb.prototype.a=function(a){return this.c.m(this.h,this.o,a)};sb.prototype.toString=function(){var a=\"Binary Expression: \"+this.c;a+=K(this.h);return a+=K(this.o)};function vb(a,b,c,d){this.I=a;this.D=b;this.i=c;this.m=d}vb.prototype.toString=function(){return this.I};var wb={};\nfunction P(a,b,c,d){if(wb.hasOwnProperty(a))throw Error(\"Binary operator already created: \"+a);a=new vb(a,b,c,d);return wb[a.toString()]=a}P(\"div\",6,1,function(a,b,c){return N(a,c)/N(b,c)});P(\"mod\",6,1,function(a,b,c){return N(a,c)%N(b,c)});P(\"*\",6,1,function(a,b,c){return N(a,c)*N(b,c)});P(\"+\",5,1,function(a,b,c){return N(a,c)+N(b,c)});P(\"-\",5,1,function(a,b,c){return N(a,c)-N(b,c)});P(\"&lt;\",4,2,function(a,b,c){return ub(function(d,e){return d&lt;e},a,b,c)});\nP(\"&gt;\",4,2,function(a,b,c){return ub(function(d,e){return d&gt;e},a,b,c)});P(\"&lt;=\",4,2,function(a,b,c){return ub(function(d,e){return d&lt;=e},a,b,c)});P(\"&gt;=\",4,2,function(a,b,c){return ub(function(d,e){return d&gt;=e},a,b,c)});var tb=P(\"=\",3,2,function(a,b,c){return ub(function(d,e){return d==e},a,b,c,!0)});P(\"!=\",3,2,function(a,b,c){return ub(function(d,e){return d!=e},a,b,c,!0)});P(\"and\",2,2,function(a,b,c){return rb(a,c)&amp;&amp;rb(b,c)});P(\"or\",1,2,function(a,b,c){return rb(a,c)||rb(b,c)});function xb(a,b){if(b.a.length&amp;&amp;4!=a.i)throw Error(\"Primary expression must evaluate to nodeset if filter has predicate(s).\");J.call(this,a.i);this.c=a;this.h=b;this.g=a.g;this.b=a.b}l(xb,J);xb.prototype.a=function(a){a=this.c.a(a);return yb(this.h,a)};xb.prototype.toString=function(){var a=\"Filter:\"+K(this.c);return a+=K(this.h)};function zb(a,b){if(b.length&lt;a.C)throw Error(\"Function \"+a.j+\" expects at least\"+a.C+\" arguments, \"+b.length+\" given\");if(null!==a.B&amp;&amp;b.length&gt;a.B)throw Error(\"Function \"+a.j+\" expects at most \"+a.B+\" arguments, \"+b.length+\" given\");a.H&amp;&amp;n(b,function(c,d){if(4!=c.i)throw Error(\"Argument \"+d+\" to function \"+a.j+\" is not of type Nodeset: \"+c);});J.call(this,a.i);this.v=a;this.c=b;pb(this,a.g||ma(b,function(c){return c.g}));qb(this,a.G&amp;&amp;!b.length||a.F&amp;&amp;!!b.length||ma(b,function(c){return c.b}))}\nl(zb,J);zb.prototype.a=function(a){return this.v.m.apply(null,pa(a,this.c))};zb.prototype.toString=function(){var a=\"Function: \"+this.v;if(this.c.length){var b=la(this.c,function(c,d){return c+K(d)},\"Arguments:\");a+=K(b)}return a};function Ab(a,b,c,d,e,f,g,h){this.j=a;this.i=b;this.g=c;this.G=d;this.F=!1;this.m=e;this.C=f;this.B=void 0!==g?g:f;this.H=!!h}Ab.prototype.toString=function(){return this.j};var Bb={};\nfunction Q(a,b,c,d,e,f,g,h){if(Bb.hasOwnProperty(a))throw Error(\"Function already created: \"+a+\".\");Bb[a]=new Ab(a,b,c,d,e,f,g,h)}Q(\"boolean\",2,!1,!1,function(a,b){return rb(b,a)},1);Q(\"ceiling\",1,!1,!1,function(a,b){return Math.ceil(N(b,a))},1);Q(\"concat\",3,!1,!1,function(a,b){return la(qa(arguments,1),function(c,d){return c+O(d,a)},\"\")},2,null);Q(\"contains\",2,!1,!1,function(a,b,c){b=O(b,a);a=O(c,a);return-1!=b.indexOf(a)},2);Q(\"count\",1,!1,!1,function(a,b){return b.a(a).l},1,1,!0);\nQ(\"false\",2,!1,!1,function(){return!1},0);Q(\"floor\",1,!1,!1,function(a,b){return Math.floor(N(b,a))},1);Q(\"id\",4,!1,!1,function(a,b){function c(h){if(x){var m=e.all[h];if(m){if(m.nodeType&amp;&amp;h==m.id)return m;if(m.length)return oa(m,function(w){return h==w.id})}return null}return e.getElementById(h)}var d=a.a,e=9==d.nodeType?d:d.ownerDocument;a=O(b,a).split(/\\s+/);var f=[];n(a,function(h){h=c(h);!h||0&lt;=ja(f,h)||f.push(h)});f.sort(Xa);var g=new E;n(f,function(h){g.add(h)});return g},1);\nQ(\"lang\",2,!1,!1,function(){return!1},1);Q(\"last\",1,!0,!1,function(a){if(1!=arguments.length)throw Error(\"Function last expects ()\");return a.f},0);Q(\"local-name\",3,!1,!0,function(a,b){return(a=b?mb(b.a(a)):a.a)?a.localName||a.nodeName.toLowerCase():\"\"},0,1,!0);Q(\"name\",3,!1,!0,function(a,b){return(a=b?mb(b.a(a)):a.a)?a.nodeName.toLowerCase():\"\"},0,1,!0);Q(\"namespace-uri\",3,!0,!1,function(){return\"\"},0,1,!0);\nQ(\"normalize-space\",3,!1,!0,function(a,b){return(b?O(b,a):B(a.a)).replace(/[\\s\\xa0]+/g,\" \").replace(/^\\s+|\\s+$/g,\"\")},0,1);Q(\"not\",2,!1,!1,function(a,b){return!rb(b,a)},1);Q(\"number\",1,!1,!0,function(a,b){return b?N(b,a):+B(a.a)},0,1);Q(\"position\",1,!0,!1,function(a){return a.b},0);Q(\"round\",1,!1,!1,function(a,b){return Math.round(N(b,a))},1);Q(\"starts-with\",2,!1,!1,function(a,b,c){b=O(b,a);a=O(c,a);return 0==b.lastIndexOf(a,0)},2);Q(\"string\",3,!1,!0,function(a,b){return b?O(b,a):B(a.a)},0,1);\nQ(\"string-length\",1,!1,!0,function(a,b){return(b?O(b,a):B(a.a)).length},0,1);Q(\"substring\",3,!1,!1,function(a,b,c,d){c=N(c,a);if(isNaN(c)||Infinity==c||-Infinity==c)return\"\";d=d?N(d,a):Infinity;if(isNaN(d)||-Infinity===d)return\"\";c=Math.round(c)-1;var e=Math.max(c,0);a=O(b,a);return Infinity==d?a.substring(e):a.substring(e,c+Math.round(d))},2,3);Q(\"substring-after\",3,!1,!1,function(a,b,c){b=O(b,a);a=O(c,a);c=b.indexOf(a);return-1==c?\"\":b.substring(c+a.length)},2);\nQ(\"substring-before\",3,!1,!1,function(a,b,c){b=O(b,a);a=O(c,a);a=b.indexOf(a);return-1==a?\"\":b.substring(0,a)},2);Q(\"sum\",1,!1,!1,function(a,b){a=H(b.a(a));b=0;for(var c=I(a);c;c=I(a))b+=+B(c);return b},1,1,!0);Q(\"translate\",3,!1,!1,function(a,b,c,d){b=O(b,a);c=O(c,a);var e=O(d,a);a={};for(d=0;d&lt;c.length;d++){var f=c.charAt(d);f in a||(a[f]=e.charAt(d))}c=\"\";for(d=0;d&lt;b.length;d++)f=b.charAt(d),c+=f in a?a[f]:f;return c},3);Q(\"true\",2,!1,!1,function(){return!0},0);function G(a,b){this.h=a;this.c=void 0!==b?b:null;this.b=null;switch(a){case \"comment\":this.b=8;break;case \"text\":this.b=3;break;case \"processing-instruction\":this.b=7;break;case \"node\":break;default:throw Error(\"Unexpected argument\");}}function Cb(a){return\"comment\"==a||\"text\"==a||\"processing-instruction\"==a||\"node\"==a}G.prototype.a=function(a){return null===this.b||this.b==a.nodeType};G.prototype.f=function(){return this.h};\nG.prototype.toString=function(){var a=\"Kind Test: \"+this.h;null===this.c||(a+=K(this.c));return a};function Db(a){J.call(this,3);this.c=a.substring(1,a.length-1)}l(Db,J);Db.prototype.a=function(){return this.c};Db.prototype.toString=function(){return\"Literal: \"+this.c};function F(a,b){this.j=a.toLowerCase();a=\"*\"==this.j?\"*\":\"http://www.w3.org/1999/xhtml\";this.c=b?b.toLowerCase():a}F.prototype.a=function(a){var b=a.nodeType;if(1!=b&amp;&amp;2!=b)return!1;b=void 0!==a.localName?a.localName:a.nodeName;return\"*\"!=this.j&amp;&amp;this.j!=b.toLowerCase()?!1:\"*\"==this.c?!0:this.c==(a.namespaceURI?a.namespaceURI.toLowerCase():\"http://www.w3.org/1999/xhtml\")};F.prototype.f=function(){return this.j};\nF.prototype.toString=function(){return\"Name Test: \"+(\"http://www.w3.org/1999/xhtml\"==this.c?\"\":this.c+\":\")+this.j};function Eb(a){J.call(this,1);this.c=a}l(Eb,J);Eb.prototype.a=function(){return this.c};Eb.prototype.toString=function(){return\"Number: \"+this.c};function Fb(a,b){J.call(this,a.i);this.h=a;this.c=b;this.g=a.g;this.b=a.b;1==this.c.length&amp;&amp;(a=this.c[0],a.A||a.c!=Gb||(a=a.o,\"*\"!=a.f()&amp;&amp;(this.f={name:a.f(),u:null})))}l(Fb,J);function Hb(){J.call(this,4)}l(Hb,J);Hb.prototype.a=function(a){var b=new E;a=a.a;9==a.nodeType?b.add(a):b.add(a.ownerDocument);return b};Hb.prototype.toString=function(){return\"Root Helper Expression\"};function Ib(){J.call(this,4)}l(Ib,J);Ib.prototype.a=function(a){var b=new E;b.add(a.a);return b};Ib.prototype.toString=function(){return\"Context Helper Expression\"};\nfunction Jb(a){return\"/\"==a||\"//\"==a}Fb.prototype.a=function(a){var b=this.h.a(a);if(!(b instanceof E))throw Error(\"Filter expression must evaluate to nodeset.\");a=this.c;for(var c=0,d=a.length;c&lt;d&amp;&amp;b.l;c++){var e=a[c],f=H(b,e.c.s);if(e.g||e.c!=Kb)if(e.g||e.c!=Lb){var g=I(f);for(b=e.a(new ia(g));null!=(g=I(f));)g=e.a(new ia(g)),b=kb(b,g)}else g=I(f),b=e.a(new ia(g));else{for(g=I(f);(b=I(f))&amp;&amp;(!g.contains||g.contains(b))&amp;&amp;b.compareDocumentPosition(g)&amp;8;g=b);b=e.a(new ia(g))}}return b};\nFb.prototype.toString=function(){var a=\"Path Expression:\"+K(this.h);if(this.c.length){var b=la(this.c,function(c,d){return c+K(d)},\"Steps:\");a+=K(b)}return a};function Mb(a,b){this.a=a;this.s=!!b}\nfunction yb(a,b,c){for(c=c||0;c&lt;a.a.length;c++)for(var d=a.a[c],e=H(b),f=b.l,g,h=0;g=I(e);h++){var m=a.s?f-h:h+1;g=d.a(new ia(g,m,f));if(\"number\"==typeof g)m=m==g;else if(\"string\"==typeof g||\"boolean\"==typeof g)m=!!g;else if(g instanceof E)m=0&lt;g.l;else throw Error(\"Predicate.evaluate returned an unexpected type.\");if(!m){m=e;g=m.f;var w=m.a;if(!w)throw Error(\"Next must be called at least once before remove.\");var r=w.b;w=w.a;r?r.a=w:g.a=w;w?w.b=r:g.b=r;g.l--;m.a=null}}return b}\nMb.prototype.toString=function(){return la(this.a,function(a,b){return a+K(b)},\"Predicates:\")};function R(a,b,c,d){J.call(this,4);this.c=a;this.o=b;this.h=c||new Mb([]);this.A=!!d;b=this.h;b=0&lt;b.a.length?b.a[0].f:null;a.J&amp;&amp;b&amp;&amp;(a=b.name,a=x?a.toLowerCase():a,this.f={name:a,u:b.u});a:{a=this.h;for(b=0;b&lt;a.a.length;b++)if(c=a.a[b],c.g||1==c.i||0==c.i){a=!0;break a}a=!1}this.g=a}l(R,J);\nR.prototype.a=function(a){var b=a.a,c=this.f,d=null,e=null,f=0;c&amp;&amp;(d=c.name,e=c.u?O(c.u,a):null,f=1);if(this.A)if(this.g||this.c!=Nb)if(b=H((new R(Ob,new G(\"node\"))).a(a)),c=I(b))for(a=this.m(c,d,e,f);null!=(c=I(b));)a=kb(a,this.m(c,d,e,f));else a=new E;else a=bb(this.o,b,d,e),a=yb(this.h,a,f);else a=this.m(a.a,d,e,f);return a};R.prototype.m=function(a,b,c,d){a=this.c.v(this.o,a,b,c);return a=yb(this.h,a,d)};\nR.prototype.toString=function(){var a=\"Step:\"+K(\"Operator: \"+(this.A?\"//\":\"/\"));this.c.j&amp;&amp;(a+=K(\"Axis: \"+this.c));a+=K(this.o);if(this.h.a.length){var b=la(this.h.a,function(c,d){return c+K(d)},\"Predicates:\");a+=K(b)}return a};function Pb(a,b,c,d){this.j=a;this.v=b;this.s=c;this.J=d}Pb.prototype.toString=function(){return this.j};var Qb={};function S(a,b,c,d){if(Qb.hasOwnProperty(a))throw Error(\"Axis already created: \"+a);b=new Pb(a,b,c,!!d);return Qb[a]=b}\nS(\"ancestor\",function(a,b){for(var c=new E;b=b.parentNode;)a.a(b)&amp;&amp;lb(c,b);return c},!0);S(\"ancestor-or-self\",function(a,b){var c=new E;do a.a(b)&amp;&amp;lb(c,b);while(b=b.parentNode);return c},!0);\nvar Gb=S(\"attribute\",function(a,b){var c=new E,d=a.f();if(\"style\"==d&amp;&amp;x&amp;&amp;b.style)return c.add(new Na(b.style,b,\"style\",b.style.cssText)),c;var e=b.attributes;if(e)if(a instanceof G&amp;&amp;null===a.b||\"*\"==d)for(a=0;d=e[a];a++)x?d.nodeValue&amp;&amp;c.add(Oa(b,d)):c.add(d);else(d=e.getNamedItem(d))&amp;&amp;(x?d.nodeValue&amp;&amp;c.add(Oa(b,d)):c.add(d));return c},!1),Nb=S(\"child\",function(a,b,c,d,e){return(x?hb:ib).call(null,a,b,aa(c)?c:null,aa(d)?d:null,e||new E)},!1,!0);S(\"descendant\",bb,!1,!0);\nvar Ob=S(\"descendant-or-self\",function(a,b,c,d){var e=new E;C(b,c,d)&amp;&amp;a.a(b)&amp;&amp;e.add(b);return bb(a,b,c,d,e)},!1,!0),Kb=S(\"following\",function(a,b,c,d){var e=new E;do for(var f=b;f=f.nextSibling;)C(f,c,d)&amp;&amp;a.a(f)&amp;&amp;e.add(f),e=bb(a,f,c,d,e);while(b=b.parentNode);return e},!1,!0);S(\"following-sibling\",function(a,b){for(var c=new E;b=b.nextSibling;)a.a(b)&amp;&amp;c.add(b);return c},!1);S(\"namespace\",function(){return new E},!1);\nvar Rb=S(\"parent\",function(a,b){var c=new E;if(9==b.nodeType)return c;if(2==b.nodeType)return c.add(b.ownerElement),c;b=b.parentNode;a.a(b)&amp;&amp;c.add(b);return c},!1),Lb=S(\"preceding\",function(a,b,c,d){var e=new E,f=[];do f.unshift(b);while(b=b.parentNode);for(var g=1,h=f.length;g&lt;h;g++){var m=[];for(b=f[g];b=b.previousSibling;)m.unshift(b);for(var w=0,r=m.length;w&lt;r;w++)b=m[w],C(b,c,d)&amp;&amp;a.a(b)&amp;&amp;e.add(b),e=bb(a,b,c,d,e)}return e},!0,!0);\nS(\"preceding-sibling\",function(a,b){for(var c=new E;b=b.previousSibling;)a.a(b)&amp;&amp;lb(c,b);return c},!0);var Sb=S(\"self\",function(a,b){var c=new E;a.a(b)&amp;&amp;c.add(b);return c},!1);function Tb(a){J.call(this,1);this.c=a;this.g=a.g;this.b=a.b}l(Tb,J);Tb.prototype.a=function(a){return-N(this.c,a)};Tb.prototype.toString=function(){return\"Unary Expression: -\"+K(this.c)};function Ub(a){J.call(this,4);this.c=a;pb(this,ma(this.c,function(b){return b.g}));qb(this,ma(this.c,function(b){return b.b}))}l(Ub,J);Ub.prototype.a=function(a){var b=new E;n(this.c,function(c){c=c.a(a);if(!(c instanceof E))throw Error(\"Path expression must evaluate to NodeSet.\");b=kb(b,c)});return b};Ub.prototype.toString=function(){return la(this.c,function(a,b){return a+K(b)},\"Union Expression:\")};function Vb(a,b){this.a=a;this.b=b}function Yb(a){for(var b,c=[];;){T(a,\"Missing right hand side of binary expression.\");b=Zb(a);var d=z(a.a);if(!d)break;var e=(d=wb[d]||null)&amp;&amp;d.D;if(!e){a.a.a--;break}for(;c.length&amp;&amp;e&lt;=c[c.length-1].D;)b=new sb(c.pop(),c.pop(),b);c.push(b,d)}for(;c.length;)b=new sb(c.pop(),c.pop(),b);return b}function T(a,b){if(Ta(a.a))throw Error(b);}function $b(a,b){a=z(a.a);if(a!=b)throw Error(\"Bad token, expected: \"+b+\" got: \"+a);}\nfunction ac(a){a=z(a.a);if(\")\"!=a)throw Error(\"Bad token: \"+a);}function bc(a){a=z(a.a);if(2&gt;a.length)throw Error(\"Unclosed literal string\");return new Db(a)}\nfunction cc(a){var b=[];if(Jb(y(a.a))){var c=z(a.a);var d=y(a.a);if(\"/\"==c&amp;&amp;(Ta(a.a)||\".\"!=d&amp;&amp;\"..\"!=d&amp;&amp;\"@\"!=d&amp;&amp;\"*\"!=d&amp;&amp;!/(?![0-9])[\\w]/.test(d)))return new Hb;d=new Hb;T(a,\"Missing next location step.\");c=dc(a,c);b.push(c)}else{a:{c=y(a.a);d=c.charAt(0);switch(d){case \"$\":throw Error(\"Variable reference not allowed in HTML XPath\");case \"(\":z(a.a);c=Yb(a);T(a,'unclosed \"(\"');$b(a,\")\");break;case '\"':case \"'\":c=bc(a);break;default:if(isNaN(+c))if(!Cb(c)&amp;&amp;/(?![0-9])[\\w]/.test(d)&amp;&amp;\"(\"==y(a.a,1)){c=z(a.a);\nc=Bb[c]||null;z(a.a);for(d=[];\")\"!=y(a.a);){T(a,\"Missing function argument list.\");d.push(Yb(a));if(\",\"!=y(a.a))break;z(a.a)}T(a,\"Unclosed function argument list.\");ac(a);c=new zb(c,d)}else{c=null;break a}else c=new Eb(+z(a.a))}\"[\"==y(a.a)&amp;&amp;(d=new Mb(ec(a)),c=new xb(c,d))}if(c)if(Jb(y(a.a)))d=c;else return c;else c=dc(a,\"/\"),d=new Ib,b.push(c)}for(;Jb(y(a.a));)c=z(a.a),T(a,\"Missing next location step.\"),c=dc(a,c),b.push(c);return new Fb(d,b)}\nfunction dc(a,b){if(\"/\"!=b&amp;&amp;\"//\"!=b)throw Error('Step op should be \"/\" or \"//\"');if(\".\"==y(a.a)){var c=new R(Sb,new G(\"node\"));z(a.a);return c}if(\"..\"==y(a.a))return c=new R(Rb,new G(\"node\")),z(a.a),c;if(\"@\"==y(a.a)){var d=Gb;z(a.a);T(a,\"Missing attribute name\")}else if(\"::\"==y(a.a,1)){if(!/(?![0-9])[\\w]/.test(y(a.a).charAt(0)))throw Error(\"Bad token: \"+z(a.a));var e=z(a.a);d=Qb[e]||null;if(!d)throw Error(\"No axis with name: \"+e);z(a.a);T(a,\"Missing node name\")}else d=Nb;e=y(a.a);if(/(?![0-9])[\\w\\*]/.test(e.charAt(0)))if(\"(\"==\ny(a.a,1)){if(!Cb(e))throw Error(\"Invalid node type: \"+e);e=z(a.a);if(!Cb(e))throw Error(\"Invalid type name: \"+e);$b(a,\"(\");T(a,\"Bad nodetype\");var f=y(a.a).charAt(0),g=null;if('\"'==f||\"'\"==f)g=bc(a);T(a,\"Bad nodetype\");ac(a);e=new G(e,g)}else if(e=z(a.a),f=e.indexOf(\":\"),-1==f)e=new F(e);else{g=e.substring(0,f);if(\"*\"==g)var h=\"*\";else if(h=a.b(g),!h)throw Error(\"Namespace prefix not declared: \"+g);e=e.substr(f+1);e=new F(e,h)}else throw Error(\"Bad token: \"+z(a.a));a=new Mb(ec(a),d.s);return c||new R(d,\ne,a,\"//\"==b)}function ec(a){for(var b=[];\"[\"==y(a.a);){z(a.a);T(a,\"Missing predicate expression.\");var c=Yb(a);b.push(c);T(a,\"Unclosed predicate expression.\");$b(a,\"]\")}return b}function Zb(a){if(\"-\"==y(a.a))return z(a.a),new Tb(Zb(a));var b=cc(a);if(\"|\"!=y(a.a))a=b;else{for(b=[b];\"|\"==z(a.a);)T(a,\"Missing next union location path.\"),b.push(cc(a));a.a.a--;a=new Ub(b)}return a};function fc(a){switch(a.nodeType){case 1:return ha(gc,a);case 9:return fc(a.documentElement);case 11:case 10:case 6:case 12:return hc;default:return a.parentNode?fc(a.parentNode):hc}}function hc(){return null}function gc(a,b){if(a.prefix==b)return a.namespaceURI||\"http://www.w3.org/1999/xhtml\";var c=a.getAttributeNode(\"xmlns:\"+b);return c&amp;&amp;c.specified?c.value||null:a.parentNode&amp;&amp;9!=a.parentNode.nodeType?gc(a.parentNode,b):null};function ic(a,b){if(!a.length)throw Error(\"Empty XPath expression.\");a=Qa(a);if(Ta(a))throw Error(\"Invalid XPath expression.\");b?\"function\"==ca(b)||(b=fa(b.lookupNamespaceURI,b)):b=function(){return null};var c=Yb(new Vb(a,b));if(!Ta(a))throw Error(\"Bad token: \"+z(a));this.evaluate=function(d,e){d=c.a(new ia(d));return new U(d,e)}}\nfunction U(a,b){if(0==b)if(a instanceof E)b=4;else if(\"string\"==typeof a)b=2;else if(\"number\"==typeof a)b=1;else if(\"boolean\"==typeof a)b=3;else throw Error(\"Unexpected evaluation result.\");if(2!=b&amp;&amp;1!=b&amp;&amp;3!=b&amp;&amp;!(a instanceof E))throw Error(\"value could not be converted to the specified type\");this.resultType=b;switch(b){case 2:this.stringValue=a instanceof E?nb(a):\"\"+a;break;case 1:this.numberValue=a instanceof E?+nb(a):+a;break;case 3:this.booleanValue=a instanceof E?0&lt;a.l:!!a;break;case 4:case 5:case 6:case 7:var c=\nH(a);var d=[];for(var e=I(c);e;e=I(c))d.push(e instanceof Na?e.a:e);this.snapshotLength=a.l;this.invalidIteratorState=!1;break;case 8:case 9:a=mb(a);this.singleNodeValue=a instanceof Na?a.a:a;break;default:throw Error(\"Unknown XPathResult type.\");}var f=0;this.iterateNext=function(){if(4!=b&amp;&amp;5!=b)throw Error(\"iterateNext called with wrong result type\");return f&gt;=d.length?null:d[f++]};this.snapshotItem=function(g){if(6!=b&amp;&amp;7!=b)throw Error(\"snapshotItem called with wrong result type\");return g&gt;=d.length||\n0&gt;g?null:d[g]}}U.ANY_TYPE=0;U.NUMBER_TYPE=1;U.STRING_TYPE=2;U.BOOLEAN_TYPE=3;U.UNORDERED_NODE_ITERATOR_TYPE=4;U.ORDERED_NODE_ITERATOR_TYPE=5;U.UNORDERED_NODE_SNAPSHOT_TYPE=6;U.ORDERED_NODE_SNAPSHOT_TYPE=7;U.ANY_UNORDERED_NODE_TYPE=8;U.FIRST_ORDERED_NODE_TYPE=9;function jc(a){this.lookupNamespaceURI=fc(a)}\nfunction kc(a,b){a=a||k;var c=a.Document&amp;&amp;a.Document.prototype||a.document;if(!c.evaluate||b)a.XPathResult=U,c.evaluate=function(d,e,f,g){return(new ic(d,f)).evaluate(e,g)},c.createExpression=function(d,e){return new ic(d,e)},c.createNSResolver=function(d){return new jc(d)}}ba(\"wgxpath.install\",kc);ba(\"wgxpath.install\",kc);var lc={aliceblue:\"#f0f8ff\",antiquewhite:\"#faebd7\",aqua:\"#00ffff\",aquamarine:\"#7fffd4\",azure:\"#f0ffff\",beige:\"#f5f5dc\",bisque:\"#ffe4c4\",black:\"#000000\",blanchedalmond:\"#ffebcd\",blue:\"#0000ff\",blueviolet:\"#8a2be2\",brown:\"#a52a2a\",burlywood:\"#deb887\",cadetblue:\"#5f9ea0\",chartreuse:\"#7fff00\",chocolate:\"#d2691e\",coral:\"#ff7f50\",cornflowerblue:\"#6495ed\",cornsilk:\"#fff8dc\",crimson:\"#dc143c\",cyan:\"#00ffff\",darkblue:\"#00008b\",darkcyan:\"#008b8b\",darkgoldenrod:\"#b8860b\",darkgray:\"#a9a9a9\",darkgreen:\"#006400\",\ndarkgrey:\"#a9a9a9\",darkkhaki:\"#bdb76b\",darkmagenta:\"#8b008b\",darkolivegreen:\"#556b2f\",darkorange:\"#ff8c00\",darkorchid:\"#9932cc\",darkred:\"#8b0000\",darksalmon:\"#e9967a\",darkseagreen:\"#8fbc8f\",darkslateblue:\"#483d8b\",darkslategray:\"#2f4f4f\",darkslategrey:\"#2f4f4f\",darkturquoise:\"#00ced1\",darkviolet:\"#9400d3\",deeppink:\"#ff1493\",deepskyblue:\"#00bfff\",dimgray:\"#696969\",dimgrey:\"#696969\",dodgerblue:\"#1e90ff\",firebrick:\"#b22222\",floralwhite:\"#fffaf0\",forestgreen:\"#228b22\",fuchsia:\"#ff00ff\",gainsboro:\"#dcdcdc\",\nghostwhite:\"#f8f8ff\",gold:\"#ffd700\",goldenrod:\"#daa520\",gray:\"#808080\",green:\"#008000\",greenyellow:\"#adff2f\",grey:\"#808080\",honeydew:\"#f0fff0\",hotpink:\"#ff69b4\",indianred:\"#cd5c5c\",indigo:\"#4b0082\",ivory:\"#fffff0\",khaki:\"#f0e68c\",lavender:\"#e6e6fa\",lavenderblush:\"#fff0f5\",lawngreen:\"#7cfc00\",lemonchiffon:\"#fffacd\",lightblue:\"#add8e6\",lightcoral:\"#f08080\",lightcyan:\"#e0ffff\",lightgoldenrodyellow:\"#fafad2\",lightgray:\"#d3d3d3\",lightgreen:\"#90ee90\",lightgrey:\"#d3d3d3\",lightpink:\"#ffb6c1\",lightsalmon:\"#ffa07a\",\nlightseagreen:\"#20b2aa\",lightskyblue:\"#87cefa\",lightslategray:\"#778899\",lightslategrey:\"#778899\",lightsteelblue:\"#b0c4de\",lightyellow:\"#ffffe0\",lime:\"#00ff00\",limegreen:\"#32cd32\",linen:\"#faf0e6\",magenta:\"#ff00ff\",maroon:\"#800000\",mediumaquamarine:\"#66cdaa\",mediumblue:\"#0000cd\",mediumorchid:\"#ba55d3\",mediumpurple:\"#9370db\",mediumseagreen:\"#3cb371\",mediumslateblue:\"#7b68ee\",mediumspringgreen:\"#00fa9a\",mediumturquoise:\"#48d1cc\",mediumvioletred:\"#c71585\",midnightblue:\"#191970\",mintcream:\"#f5fffa\",mistyrose:\"#ffe4e1\",\nmoccasin:\"#ffe4b5\",navajowhite:\"#ffdead\",navy:\"#000080\",oldlace:\"#fdf5e6\",olive:\"#808000\",olivedrab:\"#6b8e23\",orange:\"#ffa500\",orangered:\"#ff4500\",orchid:\"#da70d6\",palegoldenrod:\"#eee8aa\",palegreen:\"#98fb98\",paleturquoise:\"#afeeee\",palevioletred:\"#db7093\",papayawhip:\"#ffefd5\",peachpuff:\"#ffdab9\",peru:\"#cd853f\",pink:\"#ffc0cb\",plum:\"#dda0dd\",powderblue:\"#b0e0e6\",purple:\"#800080\",red:\"#ff0000\",rosybrown:\"#bc8f8f\",royalblue:\"#4169e1\",saddlebrown:\"#8b4513\",salmon:\"#fa8072\",sandybrown:\"#f4a460\",seagreen:\"#2e8b57\",\nseashell:\"#fff5ee\",sienna:\"#a0522d\",silver:\"#c0c0c0\",skyblue:\"#87ceeb\",slateblue:\"#6a5acd\",slategray:\"#708090\",slategrey:\"#708090\",snow:\"#fffafa\",springgreen:\"#00ff7f\",steelblue:\"#4682b4\",tan:\"#d2b48c\",teal:\"#008080\",thistle:\"#d8bfd8\",tomato:\"#ff6347\",turquoise:\"#40e0d0\",violet:\"#ee82ee\",wheat:\"#f5deb3\",white:\"#ffffff\",whitesmoke:\"#f5f5f5\",yellow:\"#ffff00\",yellowgreen:\"#9acd32\"};var mc=\"backgroundColor borderTopColor borderRightColor borderBottomColor borderLeftColor color outlineColor\".split(\" \"),nc=/#([0-9a-fA-F])([0-9a-fA-F])([0-9a-fA-F])/,oc=/^#(?:[0-9a-f]{3}){1,2}$/i,pc=/^(?:rgba)?\\((\\d{1,3}),\\s?(\\d{1,3}),\\s?(\\d{1,3}),\\s?(0|1|0\\.\\d*)\\)$/i,qc=/^(?:rgb)?\\((0|[1-9]\\d{0,2}),\\s?(0|[1-9]\\d{0,2}),\\s?(0|[1-9]\\d{0,2})\\)$/i;function rc(a,b){this.code=a;this.a=V[a]||sc;this.message=b||\"\";a=this.a.replace(/((?:^|\\s+)[a-z])/g,function(c){return c.toUpperCase().replace(/^[\\s\\xa0]+/g,\"\")});b=a.length-5;if(0&gt;b||a.indexOf(\"Error\",b)!=b)a+=\"Error\";this.name=a;a=Error(this.message);a.name=this.name;this.stack=a.stack||\"\"}l(rc,Error);var sc=\"unknown error\",V={15:\"element not selectable\",11:\"element not visible\"};V[31]=sc;V[30]=sc;V[24]=\"invalid cookie domain\";V[29]=\"invalid element coordinates\";V[12]=\"invalid element state\";\nV[32]=\"invalid selector\";V[51]=\"invalid selector\";V[52]=\"invalid selector\";V[17]=\"javascript error\";V[405]=\"unsupported operation\";V[34]=\"move target out of bounds\";V[27]=\"no such alert\";V[7]=\"no such element\";V[8]=\"no such frame\";V[23]=\"no such window\";V[28]=\"script timeout\";V[33]=\"session not created\";V[10]=\"stale element reference\";V[21]=\"timeout\";V[25]=\"unable to set cookie\";V[26]=\"unexpected alert open\";V[13]=sc;V[9]=\"unknown command\";var tc=va(),uc=ya()||u(\"iPod\"),vc=u(\"iPad\"),wc=u(\"Android\")&amp;&amp;!(wa()||va()||u(\"Opera\")||u(\"Silk\")),xc=wa(),yc=u(\"Safari\")&amp;&amp;!(wa()||u(\"Coast\")||u(\"Opera\")||u(\"Edge\")||u(\"Edg/\")||u(\"OPR\")||va()||u(\"Silk\")||u(\"Android\"))&amp;&amp;!(ya()||u(\"iPad\")||u(\"iPod\"));function zc(a){return(a=a.exec(t))?a[1]:\"\"}(function(){if(tc)return zc(/Firefox\\/([0-9.]+)/);if(v||Ca||Ba)return Ga;if(xc)return ya()||u(\"iPad\")||u(\"iPod\")?zc(/CriOS\\/([0-9.]+)/):zc(/Chrome\\/([0-9.]+)/);if(yc&amp;&amp;!(ya()||u(\"iPad\")||u(\"iPod\")))return zc(/Version\\/([0-9.]+)/);if(uc||vc){var a=/Version\\/(\\S+).*Mobile\\/(\\S+)/.exec(t);if(a)return a[1]+\".\"+a[2]}else if(wc)return(a=zc(/Android\\s+([0-9.]+)/))?a:zc(/Version\\/([0-9.]+)/);return\"\"})();var Ac=v&amp;&amp;!(9&lt;=Number(La));function W(a,b){b&amp;&amp;\"string\"!==typeof b&amp;&amp;(b=b.toString());return!!a&amp;&amp;1==a.nodeType&amp;&amp;(!b||a.tagName.toUpperCase()==b)};var Bc=function(){var a={K:\"http://www.w3.org/2000/svg\"};return function(b){return a[b]||null}}();\nfunction Cc(a,b){var c=A(a);if(!c.documentElement)return null;(v||wc)&amp;&amp;kc(c?c.parentWindow||c.defaultView:window);try{var d=c.createNSResolver?c.createNSResolver(c.documentElement):Bc;if(v&amp;&amp;!Ka(7))return c.evaluate.call(c,b,a,d,9,null);if(!v||9&lt;=Number(La)){for(var e={},f=c.getElementsByTagName(\"*\"),g=0;g&lt;f.length;++g){var h=f[g],m=h.namespaceURI;if(m&amp;&amp;!e[m]){var w=h.lookupPrefix(m);if(!w){var r=m.match(\".*/(\\\\w+)/?$\");w=r?r[1]:\"xhtml\"}e[m]=w}}var D={},L;for(L in e)D[e[L]]=L;d=function(M){return D[M]||\nnull}}try{return c.evaluate(b,a,d,9,null)}catch(M){if(\"TypeError\"===M.name)return d=c.createNSResolver?c.createNSResolver(c.documentElement):Bc,c.evaluate(b,a,d,9,null);throw M;}}catch(M){if(!Da||\"NS_ERROR_ILLEGAL_VALUE\"!=M.name)throw new rc(32,\"Unable to locate an element with the xpath expression \"+b+\" because of the following error:\\n\"+M);}}\nfunction Dc(a,b){var c=function(){var d=Cc(b,a);return d?d.singleNodeValue||null:b.selectSingleNode?(d=A(b),d.setProperty&amp;&amp;d.setProperty(\"SelectionLanguage\",\"XPath\"),b.selectSingleNode(a)):null}();if(null!==c&amp;&amp;(!c||1!=c.nodeType))throw new rc(32,'The result of the xpath expression \"'+a+'\" is: '+c+\". It should be an element.\");return c};function Ec(a,b,c,d){this.c=a;this.a=b;this.b=c;this.f=d}Ec.prototype.ceil=function(){this.c=Math.ceil(this.c);this.a=Math.ceil(this.a);this.b=Math.ceil(this.b);this.f=Math.ceil(this.f);return this};Ec.prototype.floor=function(){this.c=Math.floor(this.c);this.a=Math.floor(this.a);this.b=Math.floor(this.b);this.f=Math.floor(this.f);return this};Ec.prototype.round=function(){this.c=Math.round(this.c);this.a=Math.round(this.a);this.b=Math.round(this.b);this.f=Math.round(this.f);return this};function X(a,b,c,d){this.a=a;this.b=b;this.width=c;this.height=d}X.prototype.ceil=function(){this.a=Math.ceil(this.a);this.b=Math.ceil(this.b);this.width=Math.ceil(this.width);this.height=Math.ceil(this.height);return this};X.prototype.floor=function(){this.a=Math.floor(this.a);this.b=Math.floor(this.b);this.width=Math.floor(this.width);this.height=Math.floor(this.height);return this};\nX.prototype.round=function(){this.a=Math.round(this.a);this.b=Math.round(this.b);this.width=Math.round(this.width);this.height=Math.round(this.height);return this};var Fc=\"function\"===typeof ShadowRoot;function Gc(a){for(a=a.parentNode;a&amp;&amp;1!=a.nodeType&amp;&amp;9!=a.nodeType&amp;&amp;11!=a.nodeType;)a=a.parentNode;return W(a)?a:null}\nfunction Y(a,b){b=xa(b);if(\"float\"==b||\"cssFloat\"==b||\"styleFloat\"==b)b=Ac?\"styleFloat\":\"cssFloat\";a:{var c=b;var d=A(a);if(d.defaultView&amp;&amp;d.defaultView.getComputedStyle&amp;&amp;(d=d.defaultView.getComputedStyle(a,null))){c=d[c]||d.getPropertyValue(c)||\"\";break a}c=\"\"}a=c||Hc(a,b);if(null===a)a=null;else if(0&lt;=ja(mc,b)){b:{var e=a.match(pc);if(e&amp;&amp;(b=Number(e[1]),c=Number(e[2]),d=Number(e[3]),e=Number(e[4]),0&lt;=b&amp;&amp;255&gt;=b&amp;&amp;0&lt;=c&amp;&amp;255&gt;=c&amp;&amp;0&lt;=d&amp;&amp;255&gt;=d&amp;&amp;0&lt;=e&amp;&amp;1&gt;=e)){b=[b,c,d,e];break b}b=null}if(!b)b:{if(d=a.match(qc))if(b=\nNumber(d[1]),c=Number(d[2]),d=Number(d[3]),0&lt;=b&amp;&amp;255&gt;=b&amp;&amp;0&lt;=c&amp;&amp;255&gt;=c&amp;&amp;0&lt;=d&amp;&amp;255&gt;=d){b=[b,c,d,1];break b}b=null}if(!b)b:{b=a.toLowerCase();c=lc[b.toLowerCase()];if(!c&amp;&amp;(c=\"#\"==b.charAt(0)?b:\"#\"+b,4==c.length&amp;&amp;(c=c.replace(nc,\"#$1$1$2$2$3$3\")),!oc.test(c))){b=null;break b}b=[parseInt(c.substr(1,2),16),parseInt(c.substr(3,2),16),parseInt(c.substr(5,2),16),1]}a=b?\"rgba(\"+b.join(\", \")+\")\":a}return a}\nfunction Hc(a,b){var c=a.currentStyle||a.style,d=c[b];void 0===d&amp;&amp;\"function\"==ca(c.getPropertyValue)&amp;&amp;(d=c.getPropertyValue(b));return\"inherit\"!=d?void 0!==d?d:null:(a=Gc(a))?Hc(a,b):null}\nfunction Ic(a,b,c){function d(g){var h=Jc(g);return 0&lt;h.height&amp;&amp;0&lt;h.width?!0:W(g,\"PATH\")&amp;&amp;(0&lt;h.height||0&lt;h.width)?(g=Y(g,\"stroke-width\"),!!g&amp;&amp;0&lt;parseInt(g,10)):\"hidden\"!=Y(g,\"overflow\")&amp;&amp;ma(g.childNodes,function(m){return 3==m.nodeType||W(m)&amp;&amp;d(m)})}function e(g){return Kc(g)==Z&amp;&amp;na(g.childNodes,function(h){return!W(h)||e(h)||!d(h)})}if(!W(a))throw Error(\"Argument to isShown must be of type Element\");if(W(a,\"BODY\"))return!0;if(W(a,\"OPTION\")||W(a,\"OPTGROUP\"))return a=$a(a,function(g){return W(g,\"SELECT\")}),\n!!a&amp;&amp;Ic(a,!0,c);var f=Lc(a);if(f)return!!f.image&amp;&amp;0&lt;f.rect.width&amp;&amp;0&lt;f.rect.height&amp;&amp;Ic(f.image,b,c);if(W(a,\"INPUT\")&amp;&amp;\"hidden\"==a.type.toLowerCase()||W(a,\"NOSCRIPT\"))return!1;f=Y(a,\"visibility\");return\"collapse\"!=f&amp;&amp;\"hidden\"!=f&amp;&amp;c(a)&amp;&amp;(b||0!=Mc(a))&amp;&amp;d(a)?!e(a):!1}var Z=\"hidden\";\nfunction Kc(a){function b(p){function q(fb){if(fb==g)return!0;var Wb=Y(fb,\"display\");return 0==Wb.lastIndexOf(\"inline\",0)||\"contents\"==Wb||\"absolute\"==Xb&amp;&amp;\"static\"==Y(fb,\"position\")?!1:!0}var Xb=Y(p,\"position\");if(\"fixed\"==Xb)return w=!0,p==g?null:g;for(p=Gc(p);p&amp;&amp;!q(p);)p=Gc(p);return p}function c(p){var q=p;if(\"visible\"==m)if(p==g&amp;&amp;h)q=h;else if(p==h)return{x:\"visible\",y:\"visible\"};q={x:Y(q,\"overflow-x\"),y:Y(q,\"overflow-y\")};p==g&amp;&amp;(q.x=\"visible\"==q.x?\"auto\":q.x,q.y=\"visible\"==q.y?\"auto\":q.y);return q}\nfunction d(p){if(p==g){var q=(new ab(f)).a;p=q.scrollingElement?q.scrollingElement:Ea||\"CSS1Compat\"!=q.compatMode?q.body||q.documentElement:q.documentElement;q=q.parentWindow||q.defaultView;p=v&amp;&amp;Ka(\"10\")&amp;&amp;q.pageYOffset!=p.scrollTop?new Ua(p.scrollLeft,p.scrollTop):new Ua(q.pageXOffset||p.scrollLeft,q.pageYOffset||p.scrollTop)}else p=new Ua(p.scrollLeft,p.scrollTop);return p}var e=Nc(a),f=A(a),g=f.documentElement,h=f.body,m=Y(g,\"overflow\"),w;for(a=b(a);a;a=b(a)){var r=c(a);if(\"visible\"!=r.x||\"visible\"!=\nr.y){var D=Jc(a);if(0==D.width||0==D.height)return Z;var L=e.a&lt;D.a,M=e.b&lt;D.b;if(L&amp;&amp;\"hidden\"==r.x||M&amp;&amp;\"hidden\"==r.y)return Z;if(L&amp;&amp;\"visible\"!=r.x||M&amp;&amp;\"visible\"!=r.y){L=d(a);M=e.b&lt;D.b-L.y;if(e.a&lt;D.a-L.x&amp;&amp;\"visible\"!=r.x||M&amp;&amp;\"visible\"!=r.x)return Z;e=Kc(a);return e==Z?Z:\"scroll\"}L=e.f&gt;=D.a+D.width;D=e.c&gt;=D.b+D.height;if(L&amp;&amp;\"hidden\"==r.x||D&amp;&amp;\"hidden\"==r.y)return Z;if(L&amp;&amp;\"visible\"!=r.x||D&amp;&amp;\"visible\"!=r.y){if(w&amp;&amp;(r=d(a),e.f&gt;=g.scrollWidth-r.x||e.a&gt;=g.scrollHeight-r.y))return Z;e=Kc(a);return e==Z?Z:\"scroll\"}}}return\"none\"}\nfunction Jc(a){var b=Lc(a);if(b)return b.rect;if(W(a,\"HTML\"))return a=A(a),a=((a?a.parentWindow||a.defaultView:window)||window).document,a=\"CSS1Compat\"==a.compatMode?a.documentElement:a.body,a=new Va(a.clientWidth,a.clientHeight),new X(0,0,a.width,a.height);try{var c=a.getBoundingClientRect()}catch(d){return new X(0,0,0,0)}b=new X(c.left,c.top,c.right-c.left,c.bottom-c.top);v&amp;&amp;a.ownerDocument.body&amp;&amp;(a=A(a),b.a-=a.documentElement.clientLeft+a.body.clientLeft,b.b-=a.documentElement.clientTop+a.body.clientTop);\nreturn b}function Lc(a){var b=W(a,\"MAP\");if(!b&amp;&amp;!W(a,\"AREA\"))return null;var c=b?a:W(a.parentNode,\"MAP\")?a.parentNode:null,d=null,e=null;c&amp;&amp;c.name&amp;&amp;(d=Dc('/descendant::*[@usemap = \"#'+c.name+'\"]',A(c)))&amp;&amp;(e=Jc(d),b||\"default\"==a.shape.toLowerCase()||(a=Oc(a),b=Math.min(Math.max(a.a,0),e.width),c=Math.min(Math.max(a.b,0),e.height),e=new X(b+e.a,c+e.b,Math.min(a.width,e.width-b),Math.min(a.height,e.height-c))));return{image:d,rect:e||new X(0,0,0,0)}}\nfunction Oc(a){var b=a.shape.toLowerCase();a=a.coords.split(\",\");if(\"rect\"==b&amp;&amp;4==a.length){b=a[0];var c=a[1];return new X(b,c,a[2]-b,a[3]-c)}if(\"circle\"==b&amp;&amp;3==a.length)return b=a[2],new X(a[0]-b,a[1]-b,2*b,2*b);if(\"poly\"==b&amp;&amp;2&lt;a.length){b=a[0];c=a[1];for(var d=b,e=c,f=2;f+1&lt;a.length;f+=2)b=Math.min(b,a[f]),d=Math.max(d,a[f]),c=Math.min(c,a[f+1]),e=Math.max(e,a[f+1]);return new X(b,c,d-b,e-c)}return new X(0,0,0,0)}function Nc(a){a=Jc(a);return new Ec(a.b,a.a+a.width,a.b+a.height,a.a)}\nfunction Mc(a){if(Ac){if(\"relative\"==Y(a,\"position\"))return 1;a=Y(a,\"filter\");return(a=a.match(/^alpha\\(opacity=(\\d*)\\)/)||a.match(/^progid:DXImageTransform.Microsoft.Alpha\\(Opacity=(\\d*)\\)/))?Number(a[1])/100:1}return Pc(a)}function Pc(a){var b=1,c=Y(a,\"opacity\");c&amp;&amp;(b=Number(c));(a=Gc(a))&amp;&amp;(b*=Pc(a));return b};ba(\"_\",function(a,b){function c(d){if(W(d)&amp;&amp;\"none\"==Y(d,\"display\"))return!1;var e;if((e=d.parentNode)&amp;&amp;e.shadowRoot&amp;&amp;void 0!==d.assignedSlot)e=d.assignedSlot?d.assignedSlot.parentNode:null;else if(d.getDestinationInsertionPoints){var f=d.getDestinationInsertionPoints();0&lt;f.length&amp;&amp;(e=f[f.length-1])}if(Fc&amp;&amp;e instanceof ShadowRoot){if(e.host.shadowRoot!==e)return!1;e=e.host}return!e||9!=e.nodeType&amp;&amp;11!=e.nodeType?e&amp;&amp;W(e,\"DETAILS\")&amp;&amp;!e.open&amp;&amp;!W(d,\"SUMMARY\")?!1:!!e&amp;&amp;c(e):!0}return Ic(a,!!b,c)});; return this._.apply(null,arguments);}).apply({navigator:typeof window!='undefined'?window.navigator:null,document:typeof window!='undefined'?window.document:null}, arguments);}\n).apply(null, arguments);", "args": [{"element-6066-11e4-a52e-4f735466cecf": "a39eea15-1b70-400e-baf4-c3a4da22efdc"}]}</msg>
<msg timestamp="20211203 20:29:15.071" level="DEBUG">http://localhost:58330 "POST /session/02a63ff0d2a272a7181ab8c14b5b060b/execute/sync HTTP/1.1" 200 14</msg>
<msg timestamp="20211203 20:29:15.072" level="DEBUG">Finished Request</msg>
<msg timestamp="20211203 20:29:15.072" level="TRACE">Return: None</msg>
<status status="PASS" starttime="20211203 20:29:11.154" endtime="20211203 20:29:15.072"/>
</kw>
<kw name="Click Element" library="SeleniumLibrary">
<arg>${JBLControlOne}</arg>
<doc>Click the element identified by ``locator``.</doc>
<msg timestamp="20211203 20:29:15.073" level="TRACE">Arguments: [ 'xpath://img[@alt="JBL Control One"]' ]</msg>
<msg timestamp="20211203 20:29:15.073" level="INFO">Clicking element 'xpath://img[@alt="JBL Control One"]'.</msg>
<msg timestamp="20211203 20:29:15.073" level="DEBUG">POST http://localhost:58330/session/02a63ff0d2a272a7181ab8c14b5b060b/elements {"using": "xpath", "value": "//img[@alt=\"JBL Control One\"]"}</msg>
<msg timestamp="20211203 20:29:15.083" level="DEBUG">http://localhost:58330 "POST /session/02a63ff0d2a272a7181ab8c14b5b060b/elements HTTP/1.1" 200 90</msg>
<msg timestamp="20211203 20:29:15.083" level="DEBUG">Finished Request</msg>
<msg timestamp="20211203 20:29:15.084" level="DEBUG">POST http://localhost:58330/session/02a63ff0d2a272a7181ab8c14b5b060b/element/a39eea15-1b70-400e-baf4-c3a4da22efdc/click {"id": "a39eea15-1b70-400e-baf4-c3a4da22efdc"}</msg>
<msg timestamp="20211203 20:29:17.725" level="DEBUG">http://localhost:58330 "POST /session/02a63ff0d2a272a7181ab8c14b5b060b/element/a39eea15-1b70-400e-baf4-c3a4da22efdc/click HTTP/1.1" 200 14</msg>
<msg timestamp="20211203 20:29:17.726" level="DEBUG">Finished Request</msg>
<msg timestamp="20211203 20:29:17.726" level="TRACE">Return: None</msg>
<status status="PASS" starttime="20211203 20:29:15.072" endtime="20211203 20:29:17.726"/>
</kw>
<kw name="Wait Until Page Contains" library="SeleniumLibrary">
<arg>Kúpiť na Heureke</arg>
<doc>Waits until ``text`` appears on the current page.</doc>
<msg timestamp="20211203 20:29:17.727" level="TRACE">Arguments: [ 'Kúpiť na Heureke' ]</msg>
<msg timestamp="20211203 20:29:17.729" level="DEBUG">POST http://localhost:58330/session/02a63ff0d2a272a7181ab8c14b5b060b/elements {"using": "xpath", "value": "//*[contains(., 'K\u00fapi\u0165 na Heureke')]"}</msg>
<msg timestamp="20211203 20:29:18.530" level="DEBUG">http://localhost:58330 "POST /session/02a63ff0d2a272a7181ab8c14b5b060b/elements HTTP/1.1" 200 1275</msg>
<msg timestamp="20211203 20:29:18.530" level="DEBUG">Finished Request</msg>
<msg timestamp="20211203 20:29:18.530" level="TRACE">Return: None</msg>
<status status="PASS" starttime="20211203 20:29:17.727" endtime="20211203 20:29:18.531"/>
</kw>
<kw name="Click Element" library="SeleniumLibrary">
<arg>${JBLControlOne_Buy_on_Heureka}</arg>
<doc>Click the element identified by ``locator``.</doc>
<msg timestamp="20211203 20:29:18.531" level="TRACE">Arguments: [ "xpath://div[contains(@class, '__buy')][contains(., 'Kúpiť na Heureke')]" ]</msg>
<msg timestamp="20211203 20:29:18.531" level="INFO">Clicking element 'xpath://div[contains(@class, '__buy')][contains(., 'Kúpiť na Heureke')]'.</msg>
<msg timestamp="20211203 20:29:18.532" level="DEBUG">POST http://localhost:58330/session/02a63ff0d2a272a7181ab8c14b5b060b/elements {"using": "xpath", "value": "//div[contains(@class, '__buy')][contains(., 'K\u00fapi\u0165 na Heureke')]"}</msg>
<msg timestamp="20211203 20:29:18.549" level="DEBUG">http://localhost:58330 "POST /session/02a63ff0d2a272a7181ab8c14b5b060b/elements HTTP/1.1" 200 90</msg>
<msg timestamp="20211203 20:29:18.549" level="DEBUG">Finished Request</msg>
<msg timestamp="20211203 20:29:18.549" level="DEBUG">POST http://localhost:58330/session/02a63ff0d2a272a7181ab8c14b5b060b/element/7a159bf7-09b0-49f9-b074-b95d79c61946/click {"id": "7a159bf7-09b0-49f9-b074-b95d79c61946"}</msg>
<msg timestamp="20211203 20:29:18.637" level="DEBUG">http://localhost:58330 "POST /session/02a63ff0d2a272a7181ab8c14b5b060b/element/7a159bf7-09b0-49f9-b074-b95d79c61946/click HTTP/1.1" 200 14</msg>
<msg timestamp="20211203 20:29:18.637" level="DEBUG">Finished Request</msg>
<msg timestamp="20211203 20:29:18.638" level="TRACE">Return: None</msg>
<status status="PASS" starttime="20211203 20:29:18.531" endtime="20211203 20:29:18.638"/>
</kw>
<kw name="Go To" library="SeleniumLibrary">
<arg>${Speakers_from_40_to_100euro}</arg>
<doc>Navigates the current browser window to the provided ``url``.</doc>
<msg timestamp="20211203 20:29:18.638" level="TRACE">Arguments: [ 'https://reprosustavy-a-reproduktory.heureka.sk/f:p:40-100/' ]</msg>
<msg timestamp="20211203 20:29:18.639" level="INFO">Opening url 'https://reprosustavy-a-reproduktory.heureka.sk/f:p:40-100/'</msg>
<msg timestamp="20211203 20:29:18.639" level="DEBUG">POST http://localhost:58330/session/02a63ff0d2a272a7181ab8c14b5b060b/url {"url": "https://reprosustavy-a-reproduktory.heureka.sk/f:p:40-100/"}</msg>
<msg timestamp="20211203 20:29:20.619" level="DEBUG">http://localhost:58330 "POST /session/02a63ff0d2a272a7181ab8c14b5b060b/url HTTP/1.1" 200 14</msg>
<msg timestamp="20211203 20:29:20.619" level="DEBUG">Finished Request</msg>
<msg timestamp="20211203 20:29:20.619" level="TRACE">Return: None</msg>
<status status="PASS" starttime="20211203 20:29:18.638" endtime="20211203 20:29:20.619"/>
</kw>
<msg timestamp="20211203 20:29:20.619" level="TRACE">Return: None</msg>
<status status="PASS" starttime="20211203 20:29:11.153" endtime="20211203 20:29:20.620"/>
</kw>
<kw name="Add product Samsung SWA-8500 into basket (via &quot;Kupit na heureke&quot;)" library="keywords_final">
<msg timestamp="20211203 20:29:20.621" level="TRACE">Arguments: [  ]</msg>
<kw name="Wait Until Element Is Visible" library="SeleniumLibrary">
<arg>${Samsung_SWA_8500}</arg>
<doc>Waits until the element ``locator`` is visible.</doc>
<msg timestamp="20211203 20:29:20.622" level="TRACE">Arguments: [ 'xpath://img[@alt="Samsung SWA-8500"]' ]</msg>
<msg timestamp="20211203 20:29:20.624" level="DEBUG">POST http://localhost:58330/session/02a63ff0d2a272a7181ab8c14b5b060b/elements {"using": "xpath", "value": "//img[@alt=\"Samsung SWA-8500\"]"}</msg>
<msg timestamp="20211203 20:29:20.881" level="DEBUG">http://localhost:58330 "POST /session/02a63ff0d2a272a7181ab8c14b5b060b/elements HTTP/1.1" 200 90</msg>
<msg timestamp="20211203 20:29:20.882" level="DEBUG">Finished Request</msg>
<msg timestamp="20211203 20:29:20.882" level="DEBUG">POST http://localhost:58330/session/02a63ff0d2a272a7181ab8c14b5b060b/execute/sync {"script": "return (function(){return (function(){var k=this||self;function aa(a){return\"string\"==typeof a}function ba(a,b){a=a.split(\".\");var c=k;a[0]in c||\"undefined\"==typeof c.execScript||c.execScript(\"var \"+a[0]);for(var d;a.length&amp;&amp;(d=a.shift());)a.length||void 0===b?c[d]&amp;&amp;c[d]!==Object.prototype[d]?c=c[d]:c=c[d]={}:c[d]=b}\nfunction ca(a){var b=typeof a;if(\"object\"==b)if(a){if(a instanceof Array)return\"array\";if(a instanceof Object)return b;var c=Object.prototype.toString.call(a);if(\"[object Window]\"==c)return\"object\";if(\"[object Array]\"==c||\"number\"==typeof a.length&amp;&amp;\"undefined\"!=typeof a.splice&amp;&amp;\"undefined\"!=typeof a.propertyIsEnumerable&amp;&amp;!a.propertyIsEnumerable(\"splice\"))return\"array\";if(\"[object Function]\"==c||\"undefined\"!=typeof a.call&amp;&amp;\"undefined\"!=typeof a.propertyIsEnumerable&amp;&amp;!a.propertyIsEnumerable(\"call\"))return\"function\"}else return\"null\";\nelse if(\"function\"==b&amp;&amp;\"undefined\"==typeof a.call)return\"object\";return b}function da(a,b,c){return a.call.apply(a.bind,arguments)}function ea(a,b,c){if(!a)throw Error();if(2&lt;arguments.length){var d=Array.prototype.slice.call(arguments,2);return function(){var e=Array.prototype.slice.call(arguments);Array.prototype.unshift.apply(e,d);return a.apply(b,e)}}return function(){return a.apply(b,arguments)}}\nfunction fa(a,b,c){Function.prototype.bind&amp;&amp;-1!=Function.prototype.bind.toString().indexOf(\"native code\")?fa=da:fa=ea;return fa.apply(null,arguments)}function ha(a,b){var c=Array.prototype.slice.call(arguments,1);return function(){var d=c.slice();d.push.apply(d,arguments);return a.apply(this,d)}}function l(a,b){function c(){}c.prototype=b.prototype;a.prototype=new c;a.prototype.constructor=a};/*\n\n The MIT License\n\n Copyright (c) 2007 Cybozu Labs, Inc.\n Copyright (c) 2012 Google Inc.\n\n Permission is hereby granted, free of charge, to any person obtaining a copy\n of this software and associated documentation files (the \"Software\"), to\n deal in the Software without restriction, including without limitation the\n rights to use, copy, modify, merge, publish, distribute, sublicense, and/or\n sell copies of the Software, and to permit persons to whom the Software is\n furnished to do so, subject to the following conditions:\n\n The above copyright notice and this permission notice shall be included in\n all copies or substantial portions of the Software.\n\n THE SOFTWARE IS PROVIDED \"AS IS\", WITHOUT WARRANTY OF ANY KIND, EXPRESS OR\n IMPLIED, INCLUDING BUT NOT LIMITED TO THE WARRANTIES OF MERCHANTABILITY,\n FITNESS FOR A PARTICULAR PURPOSE AND NONINFRINGEMENT. IN NO EVENT SHALL THE\n AUTHORS OR COPYRIGHT HOLDERS BE LIABLE FOR ANY CLAIM, DAMAGES OR OTHER\n LIABILITY, WHETHER IN AN ACTION OF CONTRACT, TORT OR OTHERWISE, ARISING\n FROM, OUT OF OR IN CONNECTION WITH THE SOFTWARE OR THE USE OR OTHER DEALINGS\n IN THE SOFTWARE.\n*/\nfunction ia(a,b,c){this.a=a;this.b=b||1;this.f=c||1};var ja=Array.prototype.indexOf?function(a,b){return Array.prototype.indexOf.call(a,b,void 0)}:function(a,b){if(\"string\"===typeof a)return\"string\"!==typeof b||1!=b.length?-1:a.indexOf(b,0);for(var c=0;c&lt;a.length;c++)if(c in a&amp;&amp;a[c]===b)return c;return-1},n=Array.prototype.forEach?function(a,b){Array.prototype.forEach.call(a,b,void 0)}:function(a,b){for(var c=a.length,d=\"string\"===typeof a?a.split(\"\"):a,e=0;e&lt;c;e++)e in d&amp;&amp;b.call(void 0,d[e],e,a)},ka=Array.prototype.filter?function(a,b){return Array.prototype.filter.call(a,\nb,void 0)}:function(a,b){for(var c=a.length,d=[],e=0,f=\"string\"===typeof a?a.split(\"\"):a,g=0;g&lt;c;g++)if(g in f){var h=f[g];b.call(void 0,h,g,a)&amp;&amp;(d[e++]=h)}return d},la=Array.prototype.reduce?function(a,b,c){return Array.prototype.reduce.call(a,b,c)}:function(a,b,c){var d=c;n(a,function(e,f){d=b.call(void 0,d,e,f,a)});return d},ma=Array.prototype.some?function(a,b){return Array.prototype.some.call(a,b,void 0)}:function(a,b){for(var c=a.length,d=\"string\"===typeof a?a.split(\"\"):a,e=0;e&lt;c;e++)if(e in\nd&amp;&amp;b.call(void 0,d[e],e,a))return!0;return!1},na=Array.prototype.every?function(a,b){return Array.prototype.every.call(a,b,void 0)}:function(a,b){for(var c=a.length,d=\"string\"===typeof a?a.split(\"\"):a,e=0;e&lt;c;e++)if(e in d&amp;&amp;!b.call(void 0,d[e],e,a))return!1;return!0};function oa(a,b){a:{for(var c=a.length,d=\"string\"===typeof a?a.split(\"\"):a,e=0;e&lt;c;e++)if(e in d&amp;&amp;b.call(void 0,d[e],e,a)){b=e;break a}b=-1}return 0&gt;b?null:\"string\"===typeof a?a.charAt(b):a[b]}\nfunction pa(a){return Array.prototype.concat.apply([],arguments)}function qa(a,b,c){return 2&gt;=arguments.length?Array.prototype.slice.call(a,b):Array.prototype.slice.call(a,b,c)};var ra=String.prototype.trim?function(a){return a.trim()}:function(a){return/^[\\s\\xa0]*([\\s\\S]*?)[\\s\\xa0]*$/.exec(a)[1]};function sa(a,b){return a&lt;b?-1:a&gt;b?1:0};var t;a:{var ta=k.navigator;if(ta){var ua=ta.userAgent;if(ua){t=ua;break a}}t=\"\"}function u(a){return-1!=t.indexOf(a)};function va(){return u(\"Firefox\")||u(\"FxiOS\")}function wa(){return(u(\"Chrome\")||u(\"CriOS\"))&amp;&amp;!u(\"Edge\")};function xa(a){return String(a).replace(/\\-([a-z])/g,function(b,c){return c.toUpperCase()})};function ya(){return u(\"iPhone\")&amp;&amp;!u(\"iPod\")&amp;&amp;!u(\"iPad\")};function za(a,b){var c=Aa;return Object.prototype.hasOwnProperty.call(c,a)?c[a]:c[a]=b(a)};var Ba=u(\"Opera\"),v=u(\"Trident\")||u(\"MSIE\"),Ca=u(\"Edge\"),Da=u(\"Gecko\")&amp;&amp;!(-1!=t.toLowerCase().indexOf(\"webkit\")&amp;&amp;!u(\"Edge\"))&amp;&amp;!(u(\"Trident\")||u(\"MSIE\"))&amp;&amp;!u(\"Edge\"),Ea=-1!=t.toLowerCase().indexOf(\"webkit\")&amp;&amp;!u(\"Edge\");function Fa(){var a=k.document;return a?a.documentMode:void 0}var Ga;\na:{var Ha=\"\",Ia=function(){var a=t;if(Da)return/rv:([^\\);]+)(\\)|;)/.exec(a);if(Ca)return/Edge\\/([\\d\\.]+)/.exec(a);if(v)return/\\b(?:MSIE|rv)[: ]([^\\);]+)(\\)|;)/.exec(a);if(Ea)return/WebKit\\/(\\S+)/.exec(a);if(Ba)return/(?:Version)[ \\/]?(\\S+)/.exec(a)}();Ia&amp;&amp;(Ha=Ia?Ia[1]:\"\");if(v){var Ja=Fa();if(null!=Ja&amp;&amp;Ja&gt;parseFloat(Ha)){Ga=String(Ja);break a}}Ga=Ha}var Aa={};\nfunction Ka(a){return za(a,function(){for(var b=0,c=ra(String(Ga)).split(\".\"),d=ra(String(a)).split(\".\"),e=Math.max(c.length,d.length),f=0;0==b&amp;&amp;f&lt;e;f++){var g=c[f]||\"\",h=d[f]||\"\";do{g=/(\\d*)(\\D*)(.*)/.exec(g)||[\"\",\"\",\"\",\"\"];h=/(\\d*)(\\D*)(.*)/.exec(h)||[\"\",\"\",\"\",\"\"];if(0==g[0].length&amp;&amp;0==h[0].length)break;b=sa(0==g[1].length?0:parseInt(g[1],10),0==h[1].length?0:parseInt(h[1],10))||sa(0==g[2].length,0==h[2].length)||sa(g[2],h[2]);g=g[3];h=h[3]}while(0==b)}return 0&lt;=b})}var La;\nLa=k.document&amp;&amp;v?Fa():void 0;var x=v&amp;&amp;!(9&lt;=Number(La)),Ma=v&amp;&amp;!(8&lt;=Number(La));function Na(a,b,c,d){this.a=a;this.nodeName=c;this.nodeValue=d;this.nodeType=2;this.parentNode=this.ownerElement=b}function Oa(a,b){var c=Ma&amp;&amp;\"href\"==b.nodeName?a.getAttribute(b.nodeName,2):b.nodeValue;return new Na(b,a,b.nodeName,c)};function Pa(a){this.b=a;this.a=0}function Qa(a){a=a.match(Ra);for(var b=0;b&lt;a.length;b++)Sa.test(a[b])&amp;&amp;a.splice(b,1);return new Pa(a)}var Ra=/\\$?(?:(?![0-9-\\.])(?:\\*|[\\w-\\.]+):)?(?![0-9-\\.])(?:\\*|[\\w-\\.]+)|\\/\\/|\\.\\.|::|\\d+(?:\\.\\d*)?|\\.\\d+|\"[^\"]*\"|'[^']*'|[!&lt;&gt;]=|\\s+|./g,Sa=/^\\s/;function y(a,b){return a.b[a.a+(b||0)]}function z(a){return a.b[a.a++]}function Ta(a){return a.b.length&lt;=a.a};function Ua(a,b){this.x=void 0!==a?a:0;this.y=void 0!==b?b:0}Ua.prototype.ceil=function(){this.x=Math.ceil(this.x);this.y=Math.ceil(this.y);return this};Ua.prototype.floor=function(){this.x=Math.floor(this.x);this.y=Math.floor(this.y);return this};Ua.prototype.round=function(){this.x=Math.round(this.x);this.y=Math.round(this.y);return this};function Va(a,b){this.width=a;this.height=b}Va.prototype.aspectRatio=function(){return this.width/this.height};Va.prototype.ceil=function(){this.width=Math.ceil(this.width);this.height=Math.ceil(this.height);return this};Va.prototype.floor=function(){this.width=Math.floor(this.width);this.height=Math.floor(this.height);return this};Va.prototype.round=function(){this.width=Math.round(this.width);this.height=Math.round(this.height);return this};function Wa(a,b){if(!a||!b)return!1;if(a.contains&amp;&amp;1==b.nodeType)return a==b||a.contains(b);if(\"undefined\"!=typeof a.compareDocumentPosition)return a==b||!!(a.compareDocumentPosition(b)&amp;16);for(;b&amp;&amp;a!=b;)b=b.parentNode;return b==a}\nfunction Xa(a,b){if(a==b)return 0;if(a.compareDocumentPosition)return a.compareDocumentPosition(b)&amp;2?1:-1;if(v&amp;&amp;!(9&lt;=Number(La))){if(9==a.nodeType)return-1;if(9==b.nodeType)return 1}if(\"sourceIndex\"in a||a.parentNode&amp;&amp;\"sourceIndex\"in a.parentNode){var c=1==a.nodeType,d=1==b.nodeType;if(c&amp;&amp;d)return a.sourceIndex-b.sourceIndex;var e=a.parentNode,f=b.parentNode;return e==f?Ya(a,b):!c&amp;&amp;Wa(e,b)?-1*Za(a,b):!d&amp;&amp;Wa(f,a)?Za(b,a):(c?a.sourceIndex:e.sourceIndex)-(d?b.sourceIndex:f.sourceIndex)}d=A(a);c=d.createRange();\nc.selectNode(a);c.collapse(!0);a=d.createRange();a.selectNode(b);a.collapse(!0);return c.compareBoundaryPoints(k.Range.START_TO_END,a)}function Za(a,b){var c=a.parentNode;if(c==b)return-1;for(;b.parentNode!=c;)b=b.parentNode;return Ya(b,a)}function Ya(a,b){for(;b=b.previousSibling;)if(b==a)return-1;return 1}function A(a){return 9==a.nodeType?a:a.ownerDocument||a.document}function $a(a,b){a&amp;&amp;(a=a.parentNode);for(var c=0;a;){if(b(a))return a;a=a.parentNode;c++}return null}\nfunction ab(a){this.a=a||k.document||document}ab.prototype.getElementsByTagName=function(a,b){return(b||this.a).getElementsByTagName(String(a))};function B(a){var b=null,c=a.nodeType;1==c&amp;&amp;(b=a.textContent,b=void 0==b||null==b?a.innerText:b,b=void 0==b||null==b?\"\":b);if(\"string\"!=typeof b)if(x&amp;&amp;\"title\"==a.nodeName.toLowerCase()&amp;&amp;1==c)b=a.text;else if(9==c||1==c){a=9==c?a.documentElement:a.firstChild;c=0;var d=[];for(b=\"\";
[...]
1Compat\"!=q.compatMode?q.body||q.documentElement:q.documentElement;q=q.parentWindow||q.defaultView;p=v&amp;&amp;Ka(\"10\")&amp;&amp;q.pageYOffset!=p.scrollTop?new Ua(p.scrollLeft,p.scrollTop):new Ua(q.pageXOffset||p.scrollLeft,q.pageYOffset||p.scrollTop)}else p=new Ua(p.scrollLeft,p.scrollTop);return p}var e=Nc(a),f=A(a),g=f.documentElement,h=f.body,m=Y(g,\"overflow\"),w;for(a=b(a);a;a=b(a)){var r=c(a);if(\"visible\"!=r.x||\"visible\"!=\nr.y){var D=Jc(a);if(0==D.width||0==D.height)return Z;var L=e.a&lt;D.a,M=e.b&lt;D.b;if(L&amp;&amp;\"hidden\"==r.x||M&amp;&amp;\"hidden\"==r.y)return Z;if(L&amp;&amp;\"visible\"!=r.x||M&amp;&amp;\"visible\"!=r.y){L=d(a);M=e.b&lt;D.b-L.y;if(e.a&lt;D.a-L.x&amp;&amp;\"visible\"!=r.x||M&amp;&amp;\"visible\"!=r.x)return Z;e=Kc(a);return e==Z?Z:\"scroll\"}L=e.f&gt;=D.a+D.width;D=e.c&gt;=D.b+D.height;if(L&amp;&amp;\"hidden\"==r.x||D&amp;&amp;\"hidden\"==r.y)return Z;if(L&amp;&amp;\"visible\"!=r.x||D&amp;&amp;\"visible\"!=r.y){if(w&amp;&amp;(r=d(a),e.f&gt;=g.scrollWidth-r.x||e.a&gt;=g.scrollHeight-r.y))return Z;e=Kc(a);return e==Z?Z:\"scroll\"}}}return\"none\"}\nfunction Jc(a){var b=Lc(a);if(b)return b.rect;if(W(a,\"HTML\"))return a=A(a),a=((a?a.parentWindow||a.defaultView:window)||window).document,a=\"CSS1Compat\"==a.compatMode?a.documentElement:a.body,a=new Va(a.clientWidth,a.clientHeight),new X(0,0,a.width,a.height);try{var c=a.getBoundingClientRect()}catch(d){return new X(0,0,0,0)}b=new X(c.left,c.top,c.right-c.left,c.bottom-c.top);v&amp;&amp;a.ownerDocument.body&amp;&amp;(a=A(a),b.a-=a.documentElement.clientLeft+a.body.clientLeft,b.b-=a.documentElement.clientTop+a.body.clientTop);\nreturn b}function Lc(a){var b=W(a,\"MAP\");if(!b&amp;&amp;!W(a,\"AREA\"))return null;var c=b?a:W(a.parentNode,\"MAP\")?a.parentNode:null,d=null,e=null;c&amp;&amp;c.name&amp;&amp;(d=Dc('/descendant::*[@usemap = \"#'+c.name+'\"]',A(c)))&amp;&amp;(e=Jc(d),b||\"default\"==a.shape.toLowerCase()||(a=Oc(a),b=Math.min(Math.max(a.a,0),e.width),c=Math.min(Math.max(a.b,0),e.height),e=new X(b+e.a,c+e.b,Math.min(a.width,e.width-b),Math.min(a.height,e.height-c))));return{image:d,rect:e||new X(0,0,0,0)}}\nfunction Oc(a){var b=a.shape.toLowerCase();a=a.coords.split(\",\");if(\"rect\"==b&amp;&amp;4==a.length){b=a[0];var c=a[1];return new X(b,c,a[2]-b,a[3]-c)}if(\"circle\"==b&amp;&amp;3==a.length)return b=a[2],new X(a[0]-b,a[1]-b,2*b,2*b);if(\"poly\"==b&amp;&amp;2&lt;a.length){b=a[0];c=a[1];for(var d=b,e=c,f=2;f+1&lt;a.length;f+=2)b=Math.min(b,a[f]),d=Math.max(d,a[f]),c=Math.min(c,a[f+1]),e=Math.max(e,a[f+1]);return new X(b,c,d-b,e-c)}return new X(0,0,0,0)}function Nc(a){a=Jc(a);return new Ec(a.b,a.a+a.width,a.b+a.height,a.a)}\nfunction Mc(a){if(Ac){if(\"relative\"==Y(a,\"position\"))return 1;a=Y(a,\"filter\");return(a=a.match(/^alpha\\(opacity=(\\d*)\\)/)||a.match(/^progid:DXImageTransform.Microsoft.Alpha\\(Opacity=(\\d*)\\)/))?Number(a[1])/100:1}return Pc(a)}function Pc(a){var b=1,c=Y(a,\"opacity\");c&amp;&amp;(b=Number(c));(a=Gc(a))&amp;&amp;(b*=Pc(a));return b};ba(\"_\",function(a,b){function c(d){if(W(d)&amp;&amp;\"none\"==Y(d,\"display\"))return!1;var e;if((e=d.parentNode)&amp;&amp;e.shadowRoot&amp;&amp;void 0!==d.assignedSlot)e=d.assignedSlot?d.assignedSlot.parentNode:null;else if(d.getDestinationInsertionPoints){var f=d.getDestinationInsertionPoints();0&lt;f.length&amp;&amp;(e=f[f.length-1])}if(Fc&amp;&amp;e instanceof ShadowRoot){if(e.host.shadowRoot!==e)return!1;e=e.host}return!e||9!=e.nodeType&amp;&amp;11!=e.nodeType?e&amp;&amp;W(e,\"DETAILS\")&amp;&amp;!e.open&amp;&amp;!W(d,\"SUMMARY\")?!1:!!e&amp;&amp;c(e):!0}return Ic(a,!!b,c)});; return this._.apply(null,arguments);}).apply({navigator:typeof window!='undefined'?window.navigator:null,document:typeof window!='undefined'?window.document:null}, arguments);}\n).apply(null, arguments);", "args": [{"element-6066-11e4-a52e-4f735466cecf": "ee24660f-a039-4058-b941-b7511d8c1790"}]}</msg>
<msg timestamp="20211203 20:29:37.739" level="DEBUG">http://localhost:58330 "POST /session/02a63ff0d2a272a7181ab8c14b5b060b/execute/sync HTTP/1.1" 200 14</msg>
<msg timestamp="20211203 20:29:37.741" level="DEBUG">Finished Request</msg>
<msg timestamp="20211203 20:29:37.742" level="TRACE">Return: None</msg>
<status status="PASS" starttime="20211203 20:29:37.635" endtime="20211203 20:29:37.743"/>
</kw>
<kw name="Click Element" library="SeleniumLibrary">
<arg>${Confrim_Remove}</arg>
<doc>Click the element identified by ``locator``.</doc>
<msg timestamp="20211203 20:29:37.744" level="TRACE">Arguments: [ "xpath:(//a[contains(text(),'Odstrániť z košíka')])[1]" ]</msg>
<msg timestamp="20211203 20:29:37.746" level="INFO">Clicking element 'xpath:(//a[contains(text(),'Odstrániť z košíka')])[1]'.</msg>
<msg timestamp="20211203 20:29:37.747" level="DEBUG">POST http://localhost:58330/session/02a63ff0d2a272a7181ab8c14b5b060b/elements {"using": "xpath", "value": "(//a[contains(text(),'Odstr\u00e1ni\u0165 z ko\u0161\u00edka')])[1]"}</msg>
<msg timestamp="20211203 20:29:37.784" level="DEBUG">http://localhost:58330 "POST /session/02a63ff0d2a272a7181ab8c14b5b060b/elements HTTP/1.1" 200 90</msg>
<msg timestamp="20211203 20:29:37.784" level="DEBUG">Finished Request</msg>
<msg timestamp="20211203 20:29:37.784" level="DEBUG">POST http://localhost:58330/session/02a63ff0d2a272a7181ab8c14b5b060b/element/ee24660f-a039-4058-b941-b7511d8c1790/click {"id": "ee24660f-a039-4058-b941-b7511d8c1790"}</msg>
<msg timestamp="20211203 20:29:38.729" level="DEBUG">http://localhost:58330 "POST /session/02a63ff0d2a272a7181ab8c14b5b060b/element/ee24660f-a039-4058-b941-b7511d8c1790/click HTTP/1.1" 200 14</msg>
<msg timestamp="20211203 20:29:38.730" level="DEBUG">Finished Request</msg>
<msg timestamp="20211203 20:29:38.730" level="TRACE">Return: None</msg>
<status status="PASS" starttime="20211203 20:29:37.743" endtime="20211203 20:29:38.730"/>
</kw>
<kw name="Reload Page" library="SeleniumLibrary">
<doc>Simulates user reloading page.</doc>
<msg timestamp="20211203 20:29:38.731" level="TRACE">Arguments: [  ]</msg>
<msg timestamp="20211203 20:29:38.731" level="DEBUG">POST http://localhost:58330/session/02a63ff0d2a272a7181ab8c14b5b060b/refresh {}</msg>
<msg timestamp="20211203 20:29:39.468" level="DEBUG">http://localhost:58330 "POST /session/02a63ff0d2a272a7181ab8c14b5b060b/refresh HTTP/1.1" 200 14</msg>
<msg timestamp="20211203 20:29:39.468" level="DEBUG">Finished Request</msg>
<msg timestamp="20211203 20:29:39.468" level="TRACE">Return: None</msg>
<status status="PASS" starttime="20211203 20:29:38.730" endtime="20211203 20:29:39.469"/>
</kw>
<kw name="Page Should Not Contain" library="SeleniumLibrary">
<arg>${Temp_Product_name}</arg>
<doc>Verifies the current page does not contain ``text``.</doc>
<msg timestamp="20211203 20:29:39.469" level="TRACE">Arguments: [ 'JBL Control® One Black' ]</msg>
<msg timestamp="20211203 20:29:39.470" level="DEBUG">POST http://localhost:58330/session/02a63ff0d2a272a7181ab8c14b5b060b/frame {"id": null}</msg>
<msg timestamp="20211203 20:29:39.535" level="DEBUG">http://localhost:58330 "POST /session/02a63ff0d2a272a7181ab8c14b5b060b/frame HTTP/1.1" 200 14</msg>
<msg timestamp="20211203 20:29:39.536" level="DEBUG">Finished Request</msg>
<msg timestamp="20211203 20:29:39.536" level="DEBUG">POST http://localhost:58330/session/02a63ff0d2a272a7181ab8c14b5b060b/elements {"using": "xpath", "value": "//*[contains(., 'JBL Control\u00ae One Black')]"}</msg>
<msg timestamp="20211203 20:29:39.737" level="DEBUG">http://localhost:58330 "POST /session/02a63ff0d2a272a7181ab8c14b5b060b/elements HTTP/1.1" 200 12</msg>
<msg timestamp="20211203 20:29:39.737" level="DEBUG">Finished Request</msg>
<msg timestamp="20211203 20:29:39.737" level="DEBUG">POST http://localhost:58330/session/02a63ff0d2a272a7181ab8c14b5b060b/elements {"using": "xpath", "value": "//frame|//iframe"}</msg>
<msg timestamp="20211203 20:29:39.747" level="DEBUG">http://localhost:58330 "POST /session/02a63ff0d2a272a7181ab8c14b5b060b/elements HTTP/1.1" 200 564</msg>
<msg timestamp="20211203 20:29:39.748" level="DEBUG">Finished Request</msg>
<msg timestamp="20211203 20:29:39.748" level="DEBUG">Current frame has 7 subframes.</msg>
<msg timestamp="20211203 20:29:39.748" level="DEBUG">POST http://localhost:58330/session/02a63ff0d2a272a7181ab8c14b5b060b/frame {"id": {"element-6066-11e4-a52e-4f735466cecf": "471a3765-44bb-4c0b-8af4-5c136ba65337"}}</msg>
<msg timestamp="20211203 20:29:39.770" level="DEBUG">http://localhost:58330 "POST /session/02a63ff0d2a272a7181ab8c14b5b060b/frame HTTP/1.1" 200 14</msg>
<msg timestamp="20211203 20:29:39.770" level="DEBUG">Finished Request</msg>
<msg timestamp="20211203 20:29:39.771" level="DEBUG">POST http://localhost:58330/session/02a63ff0d2a272a7181ab8c14b5b060b/elements {"using": "xpath", "value": "//*[contains(., 'JBL Control\u00ae One Black')]"}</msg>
<msg timestamp="20211203 20:29:39.772" level="DEBUG">http://localhost:58330 "POST /session/02a63ff0d2a272a7181ab8c14b5b060b/elements HTTP/1.1" 200 12</msg>
<msg timestamp="20211203 20:29:39.772" level="DEBUG">Finished Request</msg>
<msg timestamp="20211203 20:29:39.772" level="DEBUG">POST http://localhost:58330/session/02a63ff0d2a272a7181ab8c14b5b060b/frame {"id": null}</msg>
<msg timestamp="20211203 20:29:39.772" level="DEBUG">http://localhost:58330 "POST /session/02a63ff0d2a272a7181ab8c14b5b060b/frame HTTP/1.1" 200 14</msg>
<msg timestamp="20211203 20:29:39.772" level="DEBUG">Finished Request</msg>
<msg timestamp="20211203 20:29:39.772" level="DEBUG">POST http://localhost:58330/session/02a63ff0d2a272a7181ab8c14b5b060b/frame {"id": {"element-6066-11e4-a52e-4f735466cecf": "35bde721-160d-4c0a-a729-0941cb0a21fa"}}</msg>
<msg timestamp="20211203 20:29:39.805" level="DEBUG">http://localhost:58330 "POST /session/02a63ff0d2a272a7181ab8c14b5b060b/frame HTTP/1.1" 200 14</msg>
<msg timestamp="20211203 20:29:39.805" level="DEBUG">Finished Request</msg>
<msg timestamp="20211203 20:29:39.805" level="DEBUG">POST http://localhost:58330/session/02a63ff0d2a272a7181ab8c14b5b060b/elements {"using": "xpath", "value": "//*[contains(., 'JBL Control\u00ae One Black')]"}</msg>
<msg timestamp="20211203 20:29:39.818" level="DEBUG">http://localhost:58330 "POST /session/02a63ff0d2a272a7181ab8c14b5b060b/elements HTTP/1.1" 200 12</msg>
<msg timestamp="20211203 20:29:39.818" level="DEBUG">Finished Request</msg>
<msg timestamp="20211203 20:29:39.818" level="DEBUG">POST http://localhost:58330/session/02a63ff0d2a272a7181ab8c14b5b060b/frame {"id": null}</msg>
<msg timestamp="20211203 20:29:39.821" level="DEBUG">http://localhost:58330 "POST /session/02a63ff0d2a272a7181ab8c14b5b060b/frame HTTP/1.1" 200 14</msg>
<msg timestamp="20211203 20:29:39.821" level="DEBUG">Finished Request</msg>
<msg timestamp="20211203 20:29:39.822" level="DEBUG">POST http://localhost:58330/session/02a63ff0d2a272a7181ab8c14b5b060b/frame {"id": {"element-6066-11e4-a52e-4f735466cecf": "1ba83695-da48-4a89-8159-db34a2c6a25b"}}</msg>
<msg timestamp="20211203 20:29:39.840" level="DEBUG">http://localhost:58330 "POST /session/02a63ff0d2a272a7181ab8c14b5b060b/frame HTTP/1.1" 200 14</msg>
<msg timestamp="20211203 20:29:39.840" level="DEBUG">Finished Request</msg>
<msg timestamp="20211203 20:29:39.841" level="DEBUG">POST http://localhost:58330/session/02a63ff0d2a272a7181ab8c14b5b060b/elements {"using": "xpath", "value": "//*[contains(., 'JBL Control\u00ae One Black')]"}</msg>
<msg timestamp="20211203 20:29:39.853" level="DEBUG">http://localhost:58330 "POST /session/02a63ff0d2a272a7181ab8c14b5b060b/elements HTTP/1.1" 200 12</msg>
<msg timestamp="20211203 20:29:39.853" level="DEBUG">Finished Request</msg>
<msg timestamp="20211203 20:29:39.853" level="DEBUG">POST http://localhost:58330/session/02a63ff0d2a272a7181ab8c14b5b060b/frame {"id": null}</msg>
<msg timestamp="20211203 20:29:39.855" level="DEBUG">http://localhost:58330 "POST /session/02a63ff0d2a272a7181ab8c14b5b060b/frame HTTP/1.1" 200 14</msg>
<msg timestamp="20211203 20:29:39.856" level="DEBUG">Finished Request</msg>
<msg timestamp="20211203 20:29:39.856" level="DEBUG">POST http://localhost:58330/session/02a63ff0d2a272a7181ab8c14b5b060b/frame {"id": {"element-6066-11e4-a52e-4f735466cecf": "99caf4b2-43cf-48fd-a4fa-a7a55a7715e1"}}</msg>
<msg timestamp="20211203 20:29:39.870" level="DEBUG">http://localhost:58330 "POST /session/02a63ff0d2a272a7181ab8c14b5b060b/frame HTTP/1.1" 200 14</msg>
<msg timestamp="20211203 20:29:39.870" level="DEBUG">Finished Request</msg>
<msg timestamp="20211203 20:29:39.870" level="DEBUG">POST http://localhost:58330/session/02a63ff0d2a272a7181ab8c14b5b060b/elements {"using": "xpath", "value": "//*[contains(., 'JBL Control\u00ae One Black')]"}</msg>
<msg timestamp="20211203 20:29:39.870" level="DEBUG">http://localhost:58330 "POST /session/02a63ff0d2a272a7181ab8c14b5b060b/elements HTTP/1.1" 200 12</msg>
<msg timestamp="20211203 20:29:39.870" level="DEBUG">Finished Request</msg>
<msg timestamp="20211203 20:29:39.870" level="DEBUG">POST http://localhost:58330/session/02a63ff0d2a272a7181ab8c14b5b060b/frame {"id": null}</msg>
<msg timestamp="20211203 20:29:39.886" level="DEBUG">http://localhost:58330 "POST /session/02a63ff0d2a272a7181ab8c14b5b060b/frame HTTP/1.1" 200 14</msg>
<msg timestamp="20211203 20:29:39.886" level="DEBUG">Finished Request</msg>
<msg timestamp="20211203 20:29:39.886" level="DEBUG">POST http://localhost:58330/session/02a63ff0d2a272a7181ab8c14b5b060b/frame {"id": {"element-6066-11e4-a52e-4f735466cecf": "059119dc-849c-4891-aad0-d8d56b8aeffe"}}</msg>
<msg timestamp="20211203 20:29:39.902" level="DEBUG">http://localhost:58330 "POST /session/02a63ff0d2a272a7181ab8c14b5b060b/frame HTTP/1.1" 200 14</msg>
<msg timestamp="20211203 20:29:39.902" level="DEBUG">Finished Request</msg>
<msg timestamp="20211203 20:29:39.902" level="DEBUG">POST http://localhost:58330/session/02a63ff0d2a272a7181ab8c14b5b060b/elements {"using": "xpath", "value": "//*[contains(., 'JBL Control\u00ae One Black')]"}</msg>
<msg timestamp="20211203 20:29:39.917" level="DEBUG">http://localhost:58330 "POST /session/02a63ff0d2a272a7181ab8c14b5b060b/elements HTTP/1.1" 200 12</msg>
<msg timestamp="20211203 20:29:39.917" level="DEBUG">Finished Request</msg>
<msg timestamp="20211203 20:29:39.917" level="DEBUG">POST http://localhost:58330/session/02a63ff0d2a272a7181ab8c14b5b060b/frame {"id": null}</msg>
<msg timestamp="20211203 20:29:39.917" level="DEBUG">http://localhost:58330 "POST /session/02a63ff0d2a272a7181ab8c14b5b060b/frame HTTP/1.1" 200 14</msg>
<msg timestamp="20211203 20:29:39.917" level="DEBUG">Finished Request</msg>
<msg timestamp="20211203 20:29:39.917" level="DEBUG">POST http://localhost:58330/session/02a63ff0d2a272a7181ab8c14b5b060b/frame {"id": {"element-6066-11e4-a52e-4f735466cecf": "dbe8083c-2baa-4a94-b035-a5272aaf2dc6"}}</msg>
<msg timestamp="20211203 20:29:39.933" level="DEBUG">http://localhost:58330 "POST /session/02a63ff0d2a272a7181ab8c14b5b060b/frame HTTP/1.1" 200 14</msg>
<msg timestamp="20211203 20:29:39.933" level="DEBUG">Finished Request</msg>
<msg timestamp="20211203 20:29:39.933" level="DEBUG">POST http://localhost:58330/session/02a63ff0d2a272a7181ab8c14b5b060b/elements {"using": "xpath", "value": "//*[contains(., 'JBL Control\u00ae One Black')]"}</msg>
<msg timestamp="20211203 20:29:39.948" level="DEBUG">http://localhost:58330 "POST /session/02a63ff0d2a272a7181ab8c14b5b060b/elements HTTP/1.1" 200 12</msg>
<msg timestamp="20211203 20:29:39.948" level="DEBUG">Finished Request</msg>
<msg timestamp="20211203 20:29:39.948" level="DEBUG">POST http://localhost:58330/session/02a63ff0d2a272a7181ab8c14b5b060b/frame {"id": null}</msg>
<msg timestamp="20211203 20:29:39.948" level="DEBUG">http://localhost:58330 "POST /session/02a63ff0d2a272a7181ab8c14b5b060b/frame HTTP/1.1" 200 14</msg>
<msg timestamp="20211203 20:29:39.948" level="DEBUG">Finished Request</msg>
<msg timestamp="20211203 20:29:39.948" level="DEBUG">POST http://localhost:58330/session/02a63ff0d2a272a7181ab8c14b5b060b/frame {"id": {"element-6066-11e4-a52e-4f735466cecf": "fae64f4b-14e5-4c7d-b8be-0fd6879f02a6"}}</msg>
<msg timestamp="20211203 20:29:39.964" level="DEBUG">http://localhost:58330 "POST /session/02a63ff0d2a272a7181ab8c14b5b060b/frame HTTP/1.1" 200 14</msg>
<msg timestamp="20211203 20:29:39.964" level="DEBUG">Finished Request</msg>
<msg timestamp="20211203 20:29:39.964" level="DEBUG">POST http://localhost:58330/session/02a63ff0d2a272a7181ab8c14b5b060b/elements {"using": "xpath", "value": "//*[contains(., 'JBL Control\u00ae One Black')]"}</msg>
<msg timestamp="20211203 20:29:39.980" level="DEBUG">http://localhost:58330 "POST /session/02a63ff0d2a272a7181ab8c14b5b060b/elements HTTP/1.1" 200 12</msg>
<msg timestamp="20211203 20:29:39.980" level="DEBUG">Finished Request</msg>
<msg timestamp="20211203 20:29:39.980" level="DEBUG">POST http://localhost:58330/session/02a63ff0d2a272a7181ab8c14b5b060b/frame {"id": null}</msg>
<msg timestamp="20211203 20:29:39.995" level="DEBUG">http://localhost:58330 "POST /session/02a63ff0d2a272a7181ab8c14b5b060b/frame HTTP/1.1" 200 14</msg>
<msg timestamp="20211203 20:29:39.995" level="DEBUG">Finished Request</msg>
<msg timestamp="20211203 20:29:39.995" level="INFO">Current page does not contain text 'JBL Control® One Black'.</msg>
<msg timestamp="20211203 20:29:39.995" level="TRACE">Return: None</msg>
<status status="PASS" starttime="20211203 20:29:39.469" endtime="20211203 20:29:39.995"/>
</kw>
<msg timestamp="20211203 20:29:39.995" level="TRACE">Return: None</msg>
<status status="PASS" starttime="20211203 20:29:37.513" endtime="20211203 20:29:39.995"/>
</kw>
<kw name="Check if Basket is empty" library="keywords_final">
<msg timestamp="20211203 20:29:39.995" level="TRACE">Arguments: [  ]</msg>
<kw name="Wait Until Page Contains" library="SeleniumLibrary">
<arg>Váš košík zíva prázdnotou..</arg>
<doc>Waits until ``text`` appears on the current page.</doc>
<msg timestamp="20211203 20:29:39.995" level="TRACE">Arguments: [ 'Váš košík zíva prázdnotou..' ]</msg>
<msg timestamp="20211203 20:29:39.995" level="DEBUG">POST http://localhost:58330/session/02a63ff0d2a272a7181ab8c14b5b060b/elements {"using": "xpath", "value": "//*[contains(., 'V\u00e1\u0161 ko\u0161\u00edk z\u00edva pr\u00e1zdnotou..')]"}</msg>
<msg timestamp="20211203 20:29:40.011" level="DEBUG">http://localhost:58330 "POST /session/02a63ff0d2a272a7181ab8c14b5b060b/elements HTTP/1.1" 200 485</msg>
<msg timestamp="20211203 20:29:40.011" level="DEBUG">Finished Request</msg>
<msg timestamp="20211203 20:29:40.011" level="TRACE">Return: None</msg>
<status status="PASS" starttime="20211203 20:29:39.995" endtime="20211203 20:29:40.011"/>
</kw>
<kw name="Close Browser" library="SeleniumLibrary" type="TEARDOWN">
<doc>Closes the current browser.</doc>
<msg timestamp="20211203 20:29:40.011" level="TRACE">Arguments: [  ]</msg>
<msg timestamp="20211203 20:29:40.011" level="DEBUG">Closing browser with session id 02a63ff0d2a272a7181ab8c14b5b060b.</msg>
<msg timestamp="20211203 20:29:40.011" level="DEBUG">DELETE http://localhost:58330/session/02a63ff0d2a272a7181ab8c14b5b060b {}</msg>
<msg timestamp="20211203 20:29:40.116" level="DEBUG">http://localhost:58330 "DELETE /session/02a63ff0d2a272a7181ab8c14b5b060b HTTP/1.1" 200 14</msg>
<msg timestamp="20211203 20:29:40.116" level="DEBUG">Finished Request</msg>
<msg timestamp="20211203 20:29:42.392" level="TRACE">Return: None</msg>
<status status="PASS" starttime="20211203 20:29:40.011" endtime="20211203 20:29:42.392"/>
</kw>
<msg timestamp="20211203 20:29:42.392" level="TRACE">Return: None</msg>
<status status="PASS" starttime="20211203 20:29:39.995" endtime="20211203 20:29:42.392"/>
</kw>
<status status="PASS" starttime="20211203 20:28:53.377" endtime="20211203 20:29:42.392"/>
</test>
<status status="PASS" starttime="20211203 20:28:52.707" endtime="20211203 20:29:42.392"/>
</suite>
<statistics>
<total>
<stat pass="1" fail="0" skip="0">All Tests</stat>
</total>
<tag>
</tag>
<suite>
<stat pass="1" fail="0" skip="0" id="s1" name="Heureka Final">Heureka Final</stat>
</suite>
</statistics>
<errors>
</errors>
</robot>
